#
# There is insufficient memory for the Java Runtime Environment to continue.
# Native memory allocation (malloc) failed to allocate 32744 bytes. Error detail: Chunk::new
# Possible reasons:
#   The system is out of physical RAM or swap space
#   This process is running with CompressedOops enabled, and the Java Heap may be blocking the growth of the native heap
# Possible solutions:
#   Reduce memory load on the system
#   Increase physical memory or swap space
#   Check if swap backing store is full
#   Decrease Java heap size (-Xmx/-Xms)
#   Decrease number of Java threads
#   Decrease Java thread stack sizes (-Xss)
#   Set larger code cache with -XX:ReservedCodeCacheSize=
#   JVM is running with Unscaled Compressed Oops mode in which the Java heap is
#     placed in the first 4GB address space. The Java Heap base address is the
#     maximum limit for the native heap growth. Please use -XX:HeapBaseMinAddress
#     to set the Java Heap base and to place the Java Heap above 4GB virtual address.
# This output file may be truncated or incomplete.
#
#  Out of Memory Error (arena.cpp:168), pid=5156, tid=2260
#
# JRE version: OpenJDK Runtime Environment (21.0.6) (build 21.0.6+-13355223-b631.42)
# Java VM: OpenJDK 64-Bit Server VM (21.0.6+-13355223-b631.42, mixed mode, tiered, compressed oops, compressed class ptrs, g1 gc, windows-amd64)
# No core dump will be written. Minidumps are not enabled by default on client versions of Windows
#

---------------  S U M M A R Y ------------

Command Line: --add-opens=java.base/java.util=ALL-UNNAMED --add-opens=java.base/java.lang=ALL-UNNAMED --add-opens=java.base/java.lang.invoke=ALL-UNNAMED --add-opens=java.prefs/java.util.prefs=ALL-UNNAMED --add-exports=jdk.compiler/com.sun.tools.javac.api=ALL-UNNAMED --add-exports=jdk.compiler/com.sun.tools.javac.util=ALL-UNNAMED --add-opens=java.base/java.nio.charset=ALL-UNNAMED --add-opens=java.base/java.net=ALL-UNNAMED --add-opens=java.base/java.util.concurrent.atomic=ALL-UNNAMED -Xmx2048m -Dfile.encoding=UTF-8 -Duser.country=PE -Duser.language=es -Duser.variant -javaagent:C:\Users\Andre Yauri Tejada\.gradle\wrapper\dists\gradle-8.10.2-bin\a04bxjujx95o3nb99gddekhwo\gradle-8.10.2\lib\agents\gradle-instrumentation-agent-8.10.2.jar org.gradle.launcher.daemon.bootstrap.GradleDaemon 8.10.2

Host: AMD Ryzen 5 3400G with Radeon Vega Graphics    , 8 cores, 13G,  Windows 10 , 64 bit Build 19041 (10.0.19041.5915)
Time: Sun Jul 13 02:46:45 2025 Hora est. Pacífico, Sudamérica elapsed time: 11.053062 seconds (0d 0h 0m 11s)

---------------  T H R E A D  ---------------

Current thread (0x000002143cb3bd40):  JavaThread "C2 CompilerThread1" daemon [_thread_in_native, id=2260, stack(0x0000005385100000,0x0000005385200000) (1024K)]


Current CompileTask:
C2:11053 8746       4       org.objectweb.asm.MethodWriter::computeAllFrames (510 bytes)

Stack: [0x0000005385100000,0x0000005385200000]
Native frames: (J=compiled Java code, j=interpreted, Vv=VM code, C=native code)
V  [jvm.dll+0x6d05a9]
V  [jvm.dll+0x85ea73]
V  [jvm.dll+0x860fce]
V  [jvm.dll+0x8616b3]
V  [jvm.dll+0x27e6e6]
V  [jvm.dll+0xbff6d]
V  [jvm.dll+0xc04a3]
V  [jvm.dll+0x6604ec]
V  [jvm.dll+0x6614d2]
V  [jvm.dll+0x65f8be]
V  [jvm.dll+0x247aff]
V  [jvm.dll+0x247251]
V  [jvm.dll+0x1c5f04]
V  [jvm.dll+0x2569ac]
V  [jvm.dll+0x254ef6]
V  [jvm.dll+0x3f0e56]
V  [jvm.dll+0x806e48]
V  [jvm.dll+0x6cee7d]
C  [ucrtbase.dll+0x21bb2]
C  [KERNEL32.DLL+0x17374]
C  [ntdll.dll+0x4cc91]


---------------  P R O C E S S  ---------------

Threads class SMR info:
_java_thread_list=0x0000021442953d30, length=81, elements={
0x000002141f4d2a50, 0x000002143b0a6310, 0x000002143b0a77c0, 0x000002143b0ac4d0,
0x000002143b0c9620, 0x000002143b0ca810, 0x000002143b0cb260, 0x000002143b0cc860,
0x000002143b0bfb20, 0x000002143b21e150, 0x000002143b3bd8d0, 0x000002143cb3bd40,
0x000002143c22c3a0, 0x000002143cf1bdd0, 0x000002143cf1aaa0, 0x000002143ceee010,
0x000002143b21d170, 0x000002143cfd8880, 0x000002143cfd7590, 0x000002143d029590,
0x000002143d106460, 0x000002143d107810, 0x000002143d105dd0, 0x000002143d107180,
0x000002143d108bc0, 0x000002143d109250, 0x000002143d106af0, 0x000002143d107ea0,
0x000002143d108530, 0x0000021440ee6ee0, 0x0000021440ee7570, 0x0000021440ee7c00,
0x0000021440ee8fb0, 0x0000021440ee3a60, 0x0000021440ee40f0, 0x0000021440ee8290,
0x0000021440ee6850, 0x0000021440ee5b30, 0x0000021440ee61c0, 0x0000021440ee8920,
0x0000021440ee2020, 0x0000021440ee54a0, 0x0000021440ee33d0, 0x000002143fc32f40,
0x000002143fc2d360, 0x000002143fc335d0, 0x000002143fc307e0, 0x000002143fc31b90,
0x000002143fc30150, 0x000002143fc30e70, 0x000002143fc2c640, 0x000002143fc2d9f0,
0x000002143fc33c60, 0x000002143fc31500, 0x000002143fc32220, 0x000002143fc328b0,
0x000002143fc2fac0, 0x000002143fc2e080, 0x000002143fc2ccd0, 0x000002143fe6e780,
0x000002143fe6e0f0, 0x000002143fe6b990, 0x000002143fe6a5e0, 0x000002143fe6c6b0,
0x000002143fe6ac70, 0x000002143fe6d3d0, 0x000002143fe6ee10, 0x000002143fe6da60,
0x000002143fc2eda0, 0x000002143fc2f430, 0x000002143e5702f0, 0x000002143e56ef40,
0x000002143e575840, 0x000002143e570980, 0x000002143e5730e0, 0x000002143e5723c0,
0x000002143e56fc60, 0x000002143e5716a0, 0x000002143e571010, 0x000002143e571d30,
0x000002143dff13a0
}

Java Threads: ( => current thread )
  0x000002141f4d2a50 JavaThread "main"                              [_thread_blocked, id=13296, stack(0x0000005383f00000,0x0000005384000000) (1024K)]
  0x000002143b0a6310 JavaThread "Reference Handler"          daemon [_thread_blocked, id=4220, stack(0x0000005384700000,0x0000005384800000) (1024K)]
  0x000002143b0a77c0 JavaThread "Finalizer"                  daemon [_thread_blocked, id=392, stack(0x0000005384800000,0x0000005384900000) (1024K)]
  0x000002143b0ac4d0 JavaThread "Signal Dispatcher"          daemon [_thread_blocked, id=4868, stack(0x0000005384900000,0x0000005384a00000) (1024K)]
  0x000002143b0c9620 JavaThread "Attach Listener"            daemon [_thread_blocked, id=2448, stack(0x0000005384a00000,0x0000005384b00000) (1024K)]
  0x000002143b0ca810 JavaThread "Service Thread"             daemon [_thread_blocked, id=4720, stack(0x0000005384b00000,0x0000005384c00000) (1024K)]
  0x000002143b0cb260 JavaThread "Monitor Deflation Thread"   daemon [_thread_blocked, id=6636, stack(0x0000005384c00000,0x0000005384d00000) (1024K)]
  0x000002143b0cc860 JavaThread "C2 CompilerThread0"         daemon [_thread_in_native, id=3664, stack(0x0000005384d00000,0x0000005384e00000) (1024K)]
  0x000002143b0bfb20 JavaThread "C1 CompilerThread0"         daemon [_thread_blocked, id=1660, stack(0x0000005384e00000,0x0000005384f00000) (1024K)]
  0x000002143b21e150 JavaThread "Common-Cleaner"             daemon [_thread_blocked, id=2900, stack(0x0000005384f00000,0x0000005385000000) (1024K)]
  0x000002143b3bd8d0 JavaThread "Notification Thread"        daemon [_thread_blocked, id=12524, stack(0x0000005385000000,0x0000005385100000) (1024K)]
=>0x000002143cb3bd40 JavaThread "C2 CompilerThread1"         daemon [_thread_in_native, id=2260, stack(0x0000005385100000,0x0000005385200000) (1024K)]
  0x000002143c22c3a0 JavaThread "Daemon health stats"               [_thread_blocked, id=12320, stack(0x0000005385700000,0x0000005385800000) (1024K)]
  0x000002143cf1bdd0 JavaThread "Incoming local TCP Connector on port 51943"        [_thread_in_native, id=12232, stack(0x0000005385800000,0x0000005385900000) (1024K)]
  0x000002143cf1aaa0 JavaThread "Daemon periodic checks"            [_thread_blocked, id=12564, stack(0x0000005385900000,0x0000005385a00000) (1024K)]
  0x000002143ceee010 JavaThread "Daemon"                            [_thread_blocked, id=13304, stack(0x0000005385a00000,0x0000005385b00000) (1024K)]
  0x000002143b21d170 JavaThread "Handler for socket connection from /127.0.0.1:51943 to /127.0.0.1:51944"        [_thread_in_native, id=12532, stack(0x0000005385b00000,0x0000005385c00000) (1024K)]
  0x000002143cfd8880 JavaThread "Cancel handler"                    [_thread_blocked, id=13140, stack(0x0000005385c00000,0x0000005385d00000) (1024K)]
  0x000002143cfd7590 JavaThread "Daemon worker"                     [_thread_in_vm, id=6580, stack(0x0000005385d00000,0x0000005385e00000) (1024K)]
  0x000002143d029590 JavaThread "Asynchronous log dispatcher for DefaultDaemonConnection: socket connection from /127.0.0.1:51943 to /127.0.0.1:51944"        [_thread_blocked, id=9780, stack(0x0000005385e00000,0x0000005385f00000) (1024K)]
  0x000002143d106460 JavaThread "Stdin handler"                     [_thread_blocked, id=12156, stack(0x0000005385f00000,0x0000005386000000) (1024K)]
  0x000002143d107810 JavaThread "Daemon client event forwarder"        [_thread_blocked, id=6164, stack(0x0000005386000000,0x0000005386100000) (1024K)]
  0x000002143d105dd0 JavaThread "Cache worker for journal cache (C:\Users\Andre Yauri Tejada\.gradle\caches\journal-1)"        [_thread_blocked, id=5088, stack(0x0000005386400000,0x0000005386500000) (1024K)]
  0x000002143d107180 JavaThread "File lock request listener"        [_thread_in_native, id=6428, stack(0x0000005386500000,0x0000005386600000) (1024K)]
  0x000002143d108bc0 JavaThread "Cache worker for file hash cache (C:\Users\Andre Yauri Tejada\.gradle\caches\8.10.2\fileHashes)"        [_thread_blocked, id=1220, stack(0x0000005386600000,0x0000005386700000) (1024K)]
  0x000002143d109250 JavaThread "Cache worker for file hash cache (C:\Users\Andre Yauri Tejada\Desktop\APP MOVILES\APP MOVILES CURSO\ULTIMO YA PARA ENTREGAR\RenovaApp5\.gradle\8.10.2\fileHashes)"        [_thread_blocked, id=10852, stack(0x0000005386800000,0x0000005386900000) (1024K)]
  0x000002143d106af0 JavaThread "Cache worker for Build Output Cleanup Cache (C:\Users\Andre Yauri Tejada\Desktop\APP MOVILES\APP MOVILES CURSO\ULTIMO YA PARA ENTREGAR\RenovaApp5\.gradle\buildOutputCleanup)"        [_thread_blocked, id=4404, stack(0x0000005386900000,0x0000005386a00000) (1024K)]
  0x000002143d107ea0 JavaThread "File watcher server"        daemon [_thread_in_vm, id=11388, stack(0x0000005386a00000,0x0000005386b00000) (1024K)]
  0x000002143d108530 JavaThread "File watcher consumer"      daemon [_thread_blocked, id=12656, stack(0x0000005386b00000,0x0000005386c00000) (1024K)]
  0x0000021440ee6ee0 JavaThread "jar transforms"                    [_thread_blocked, id=9788, stack(0x0000005386c00000,0x0000005386d00000) (1024K)]
  0x0000021440ee7570 JavaThread "jar transforms Thread 2"           [_thread_blocked, id=8960, stack(0x0000005386d00000,0x0000005386e00000) (1024K)]
  0x0000021440ee7c00 JavaThread "jar transforms Thread 3"           [_thread_blocked, id=2496, stack(0x0000005386e00000,0x0000005386f00000) (1024K)]
  0x0000021440ee8fb0 JavaThread "jar transforms Thread 4"           [_thread_blocked, id=12892, stack(0x0000005386f00000,0x0000005387000000) (1024K)]
  0x0000021440ee3a60 JavaThread "jar transforms Thread 5"           [_thread_blocked, id=12368, stack(0x0000005387000000,0x0000005387100000) (1024K)]
  0x0000021440ee40f0 JavaThread "jar transforms Thread 6"           [_thread_blocked, id=7892, stack(0x0000005387100000,0x0000005387200000) (1024K)]
  0x0000021440ee8290 JavaThread "jar transforms Thread 7"           [_thread_blocked, id=2472, stack(0x0000005387200000,0x0000005387300000) (1024K)]
  0x0000021440ee6850 JavaThread "jar transforms Thread 8"           [_thread_blocked, id=1720, stack(0x0000005387300000,0x0000005387400000) (1024K)]
  0x0000021440ee5b30 JavaThread "Cache worker for checksums cache (C:\Users\Andre Yauri Tejada\Desktop\APP MOVILES\APP MOVILES CURSO\ULTIMO YA PARA ENTREGAR\RenovaApp5\.gradle\8.10.2\checksums)"        [_thread_blocked, id=6352, stack(0x0000005387400000,0x0000005387500000) (1024K)]
  0x0000021440ee61c0 JavaThread "Cache worker for file content cache (C:\Users\Andre Yauri Tejada\.gradle\caches\8.10.2\fileContent)"        [_thread_blocked, id=10384, stack(0x0000005387500000,0x0000005387600000) (1024K)]
  0x0000021440ee8920 JavaThread "Cache worker for cache directory md-rule (C:\Users\Andre Yauri Tejada\.gradle\caches\8.10.2\md-rule)"        [_thread_blocked, id=9608, stack(0x0000005387600000,0x0000005387700000) (1024K)]
  0x0000021440ee2020 JavaThread "Cache worker for cache directory md-supplier (C:\Users\Andre Yauri Tejada\.gradle\caches\8.10.2\md-supplier)"        [_thread_blocked, id=4724, stack(0x0000005387700000,0x0000005387800000) (1024K)]
  0x0000021440ee54a0 JavaThread "Unconstrained build operations"        [_thread_blocked, id=7948, stack(0x0000005387800000,0x0000005387900000) (1024K)]
  0x0000021440ee33d0 JavaThread "Unconstrained build operations Thread 2"        [_thread_blocked, id=12904, stack(0x0000005387900000,0x0000005387a00000) (1024K)]
  0x000002143fc32f40 JavaThread "Unconstrained build operations Thread 3"        [_thread_blocked, id=304, stack(0x0000005387a00000,0x0000005387b00000) (1024K)]
  0x000002143fc2d360 JavaThread "Unconstrained build operations Thread 4"        [_thread_blocked, id=12920, stack(0x0000005387b00000,0x0000005387c00000) (1024K)]
  0x000002143fc335d0 JavaThread "Unconstrained build operations Thread 5"        [_thread_blocked, id=3780, stack(0x0000005387c00000,0x0000005387d00000) (1024K)]
  0x000002143fc307e0 JavaThread "Unconstrained build operations Thread 6"        [_thread_blocked, id=12196, stack(0x0000005387d00000,0x0000005387e00000) (1024K)]
  0x000002143fc31b90 JavaThread "Unconstrained build operations Thread 7"        [_thread_blocked, id=3684, stack(0x0000005387e00000,0x0000005387f00000) (1024K)]
  0x000002143fc30150 JavaThread "Unconstrained build operations Thread 8"        [_thread_blocked, id=12064, stack(0x0000005387f00000,0x0000005388000000) (1024K)]
  0x000002143fc30e70 JavaThread "Unconstrained build operations Thread 9"        [_thread_blocked, id=12936, stack(0x0000005388000000,0x0000005388100000) (1024K)]
  0x000002143fc2c640 JavaThread "Unconstrained build operations Thread 10"        [_thread_blocked, id=12028, stack(0x0000005388100000,0x0000005388200000) (1024K)]
  0x000002143fc2d9f0 JavaThread "Unconstrained build operations Thread 11"        [_thread_blocked, id=1648, stack(0x0000005388200000,0x0000005388300000) (1024K)]
  0x000002143fc33c60 JavaThread "Unconstrained build operations Thread 12"        [_thread_blocked, id=12720, stack(0x0000005388300000,0x0000005388400000) (1024K)]
  0x000002143fc31500 JavaThread "Unconstrained build operations Thread 13"        [_thread_blocked, id=4568, stack(0x0000005388400000,0x0000005388500000) (1024K)]
  0x000002143fc32220 JavaThread "Unconstrained build operations Thread 14"        [_thread_blocked, id=13144, stack(0x0000005388500000,0x0000005388600000) (1024K)]
  0x000002143fc328b0 JavaThread "Unconstrained build operations Thread 15"        [_thread_blocked, id=4732, stack(0x0000005388600000,0x0000005388700000) (1024K)]
  0x000002143fc2fac0 JavaThread "Unconstrained build operations Thread 16"        [_thread_blocked, id=6468, stack(0x0000005388700000,0x0000005388800000) (1024K)]
  0x000002143fc2e080 JavaThread "Unconstrained build operations Thread 17"        [_thread_blocked, id=9824, stack(0x0000005388800000,0x0000005388900000) (1024K)]
  0x000002143fc2ccd0 JavaThread "Unconstrained build operations Thread 18"        [_thread_blocked, id=7080, stack(0x0000005388900000,0x0000005388a00000) (1024K)]
  0x000002143fe6e780 JavaThread "Unconstrained build operations Thread 19"        [_thread_blocked, id=10372, stack(0x0000005388a00000,0x0000005388b00000) (1024K)]
  0x000002143fe6e0f0 JavaThread "Unconstrained build operations Thread 20"        [_thread_blocked, id=10324, stack(0x0000005388b00000,0x0000005388c00000) (1024K)]
  0x000002143fe6b990 JavaThread "Unconstrained build operations Thread 21"        [_thread_blocked, id=13036, stack(0x0000005388c00000,0x0000005388d00000) (1024K)]
  0x000002143fe6a5e0 JavaThread "Unconstrained build operations Thread 22"        [_thread_blocked, id=2212, stack(0x0000005388d00000,0x0000005388e00000) (1024K)]
  0x000002143fe6c6b0 JavaThread "Unconstrained build operations Thread 23"        [_thread_blocked, id=4132, stack(0x0000005388e00000,0x0000005388f00000) (1024K)]
  0x000002143fe6ac70 JavaThread "Unconstrained build operations Thread 24"        [_thread_blocked, id=12536, stack(0x0000005388f00000,0x0000005389000000) (1024K)]
  0x000002143fe6d3d0 JavaThread "Unconstrained build operations Thread 25"        [_thread_blocked, id=7152, stack(0x0000005389000000,0x0000005389100000) (1024K)]
  0x000002143fe6ee10 JavaThread "Unconstrained build operations Thread 26"        [_thread_blocked, id=4016, stack(0x0000005389100000,0x0000005389200000) (1024K)]
  0x000002143fe6da60 JavaThread "Unconstrained build operations Thread 27"        [_thread_blocked, id=6720, stack(0x0000005389200000,0x0000005389300000) (1024K)]
  0x000002143fc2eda0 JavaThread "Unconstrained build operations Thread 28"        [_thread_blocked, id=5168, stack(0x0000005389300000,0x0000005389400000) (1024K)]
  0x000002143fc2f430 JavaThread "Unconstrained build operations Thread 29"        [_thread_blocked, id=3944, stack(0x0000005389400000,0x0000005389500000) (1024K)]
  0x000002143e5702f0 JavaThread "Unconstrained build operations Thread 30"        [_thread_blocked, id=10828, stack(0x0000005389500000,0x0000005389600000) (1024K)]
  0x000002143e56ef40 JavaThread "Unconstrained build operations Thread 31"        [_thread_blocked, id=10316, stack(0x0000005389600000,0x0000005389700000) (1024K)]
  0x000002143e575840 JavaThread "Unconstrained build operations Thread 32"        [_thread_blocked, id=4752, stack(0x0000005389700000,0x0000005389800000) (1024K)]
  0x000002143e570980 JavaThread "Unconstrained build operations Thread 33"        [_thread_blocked, id=7708, stack(0x0000005389800000,0x0000005389900000) (1024K)]
  0x000002143e5730e0 JavaThread "Unconstrained build operations Thread 34"        [_thread_blocked, id=7652, stack(0x0000005389900000,0x0000005389a00000) (1024K)]
  0x000002143e5723c0 JavaThread "Unconstrained build operations Thread 35"        [_thread_blocked, id=9552, stack(0x0000005389a00000,0x0000005389b00000) (1024K)]
  0x000002143e56fc60 JavaThread "Unconstrained build operations Thread 36"        [_thread_blocked, id=10600, stack(0x0000005389b00000,0x0000005389c00000) (1024K)]
  0x000002143e5716a0 JavaThread "Unconstrained build operations Thread 37"        [_thread_blocked, id=13100, stack(0x0000005389c00000,0x0000005389d00000) (1024K)]
  0x000002143e571010 JavaThread "Unconstrained build operations Thread 38"        [_thread_blocked, id=6704, stack(0x0000005389d00000,0x0000005389e00000) (1024K)]
  0x000002143e571d30 JavaThread "Unconstrained build operations Thread 39"        [_thread_blocked, id=6020, stack(0x0000005389e00000,0x0000005389f00000) (1024K)]
  0x000002143dff13a0 JavaThread "C2 CompilerThread2"         daemon [_thread_in_native, id=9772, stack(0x0000005386700000,0x0000005386800000) (1024K)]
Total: 81

Other Threads:
  0x000002143b009270 VMThread "VM Thread"                           [id=4776, stack(0x0000005384600000,0x0000005384700000) (1024K)]
  0x0000021436bafa40 WatcherThread "VM Periodic Task Thread"        [id=11408, stack(0x0000005384500000,0x0000005384600000) (1024K)]
  0x000002141f5284d0 WorkerThread "GC Thread#0"                     [id=8580, stack(0x0000005384000000,0x0000005384100000) (1024K)]
  0x000002143b7a2f50 WorkerThread "GC Thread#1"                     [id=5308, stack(0x0000005385300000,0x0000005385400000) (1024K)]
  0x000002143b9b46a0 WorkerThread "GC Thread#2"                     [id=12384, stack(0x0000005385400000,0x0000005385500000) (1024K)]
  0x000002143bada570 WorkerThread "GC Thread#3"                     [id=2452, stack(0x0000005385500000,0x0000005385600000) (1024K)]
  0x000002143b854df0 WorkerThread "GC Thread#4"                     [id=12100, stack(0x0000005385600000,0x0000005385700000) (1024K)]
  0x000002143d437e10 WorkerThread "GC Thread#5"                     [id=10696, stack(0x0000005385200000,0x0000005385300000) (1024K)]
  0x000002143d02fde0 WorkerThread "GC Thread#6"                     [id=5048, stack(0x0000005386100000,0x0000005386200000) (1024K)]
  0x000002143d030180 WorkerThread "GC Thread#7"                     [id=4012, stack(0x0000005386200000,0x0000005386300000) (1024K)]
  0x000002141f53a540 ConcurrentGCThread "G1 Main Marker"            [id=7688, stack(0x0000005384100000,0x0000005384200000) (1024K)]
  0x000002141f53b6f0 WorkerThread "G1 Conc#0"                       [id=2312, stack(0x0000005384200000,0x0000005384300000) (1024K)]
  0x000002143d1155f0 WorkerThread "G1 Conc#1"                       [id=13148, stack(0x0000005386300000,0x0000005386400000) (1024K)]
  0x0000021436a84210 ConcurrentGCThread "G1 Refine#0"               [id=13236, stack(0x0000005384300000,0x0000005384400000) (1024K)]
  0x0000021436a84b90 ConcurrentGCThread "G1 Service"                [id=4632, stack(0x0000005384400000,0x0000005384500000) (1024K)]
Total: 15

Threads with active compile tasks:
C2 CompilerThread0  11106 8749       4       java.util.regex.Pattern::compile (537 bytes)
C2 CompilerThread1  11106 8746       4       org.objectweb.asm.MethodWriter::computeAllFrames (510 bytes)
C2 CompilerThread2  11106 8766       4       sun.util.locale.BaseLocale::getInstance (150 bytes)
Total: 3

VM state: not at safepoint (normal execution)

VM Mutex/Monitor currently owned by a thread: None

OutOfMemory and StackOverflow Exception counts:
OutOfMemoryError java_heap_errors=1
LinkageErrors=242

Heap address: 0x0000000080000000, size: 2048 MB, Compressed Oops mode: 32-bit

CDS archive(s) not mapped
Compressed class space mapped at: 0x0000000100000000-0x0000000140000000, reserved size: 1073741824
Narrow klass base: 0x0000000000000000, Narrow klass shift: 3, Narrow klass range: 0x140000000

GC Precious Log:
 CardTable entry size: 512
 Card Set container configuration: InlinePtr #cards 5 size 8 Array Of Cards #cards 12 size 40 Howl #buckets 4 coarsen threshold 1843 Howl Bitmap #cards 512 size 80 coarsen threshold 460 Card regions per heap region 1 cards per card region 2048
 CPUs: 8 total, 8 available
 Memory: 14284M
 Large Page Support: Disabled
 NUMA Support: Disabled
 Compressed Oops: Enabled (32-bit)
 Heap Region Size: 1M
 Heap Min Capacity: 8M
 Heap Initial Capacity: 224M
 Heap Max Capacity: 2G
 Pre-touch: Disabled
 Parallel Workers: 8
 Concurrent Workers: 2
 Concurrent Refinement Workers: 8
 Periodic GC: Disabled

Heap:
 garbage-first heap   total 187392K, used 111178K [0x0000000080000000, 0x0000000100000000)
  region size 1024K, 19 young (19456K), 7 survivors (7168K)
 Metaspace       used 76853K, committed 78656K, reserved 1179648K
  class space    used 10371K, committed 11264K, reserved 1048576K

Heap Regions: E=young(eden), S=young(survivor), O=old, HS=humongous(starts), HC=humongous(continues), CS=collection set, F=free, TAMS=top-at-mark-start, PB=parsable bottom
|   0|0x0000000080000000, 0x0000000080100000, 0x0000000080100000|100%| O|  |TAMS 0x0000000080000000| PB 0x0000000080000000| Untracked 
|   1|0x0000000080100000, 0x0000000080200000, 0x0000000080200000|100%|HS|  |TAMS 0x0000000080100000| PB 0x0000000080100000| Complete 
|   2|0x0000000080200000, 0x0000000080300000, 0x0000000080300000|100%|HC|  |TAMS 0x0000000080200000| PB 0x0000000080200000| Complete 
|   3|0x0000000080300000, 0x0000000080400000, 0x0000000080400000|100%|HC|  |TAMS 0x0000000080300000| PB 0x0000000080300000| Complete 
|   4|0x0000000080400000, 0x0000000080500000, 0x0000000080500000|100%|HC|  |TAMS 0x0000000080400000| PB 0x0000000080400000| Complete 
|   5|0x0000000080500000, 0x0000000080600000, 0x0000000080600000|100%| O|  |TAMS 0x0000000080500000| PB 0x0000000080500000| Untracked 
|   6|0x0000000080600000, 0x0000000080700000, 0x0000000080700000|100%| O|  |TAMS 0x0000000080600000| PB 0x0000000080600000| Untracked 
|   7|0x0000000080700000, 0x0000000080800000, 0x0000000080800000|100%| O|  |TAMS 0x0000000080700000| PB 0x0000000080700000| Untracked 
|   8|0x0000000080800000, 0x0000000080900000, 0x0000000080900000|100%|HS|  |TAMS 0x0000000080800000| PB 0x0000000080800000| Complete 
|   9|0x0000000080900000, 0x0000000080a00000, 0x0000000080a00000|100%| O|  |TAMS 0x0000000080900000| PB 0x0000000080900000| Untracked 
|  10|0x0000000080a00000, 0x0000000080b00000, 0x0000000080b00000|100%| O|  |TAMS 0x0000000080a00000| PB 0x0000000080a00000| Untracked 
|  11|0x0000000080b00000, 0x0000000080c00000, 0x0000000080c00000|100%| O|  |TAMS 0x0000000080b00000| PB 0x0000000080b00000| Untracked 
|  12|0x0000000080c00000, 0x0000000080d00000, 0x0000000080d00000|100%| O|  |TAMS 0x0000000080c00000| PB 0x0000000080c00000| Untracked 
|  13|0x0000000080d00000, 0x0000000080e00000, 0x0000000080e00000|100%| O|  |TAMS 0x0000000080d00000| PB 0x0000000080d00000| Untracked 
|  14|0x0000000080e00000, 0x0000000080f00000, 0x0000000080f00000|100%|HS|  |TAMS 0x0000000080e00000| PB 0x0000000080e00000| Complete 
|  15|0x0000000080f00000, 0x0000000081000000, 0x0000000081000000|100%|HC|  |TAMS 0x0000000080f00000| PB 0x0000000080f00000| Complete 
|  16|0x0000000081000000, 0x0000000081100000, 0x0000000081100000|100%|HC|  |TAMS 0x0000000081000000| PB 0x0000000081000000| Complete 
|  17|0x0000000081100000, 0x0000000081200000, 0x0000000081200000|100%|HC|  |TAMS 0x0000000081100000| PB 0x0000000081100000| Complete 
|  18|0x0000000081200000, 0x0000000081300000, 0x0000000081300000|100%|HC|  |TAMS 0x0000000081200000| PB 0x0000000081200000| Complete 
|  19|0x0000000081300000, 0x0000000081400000, 0x0000000081400000|100%|HC|  |TAMS 0x0000000081300000| PB 0x0000000081300000| Complete 
|  20|0x0000000081400000, 0x0000000081500000, 0x0000000081500000|100%| O|  |TAMS 0x0000000081400000| PB 0x0000000081400000| Untracked 
|  21|0x0000000081500000, 0x0000000081600000, 0x0000000081600000|100%| O|  |TAMS 0x0000000081500000| PB 0x0000000081500000| Untracked 
|  22|0x0000000081600000, 0x0000000081700000, 0x0000000081700000|100%| O|  |TAMS 0x0000000081600000| PB 0x0000000081600000| Untracked 
|  23|0x0000000081700000, 0x0000000081800000, 0x0000000081800000|100%| O|  |TAMS 0x0000000081700000| PB 0x0000000081700000| Untracked 
|  24|0x0000000081800000, 0x0000000081900000, 0x0000000081900000|100%| O|  |TAMS 0x0000000081800000| PB 0x0000000081800000| Untracked 
|  25|0x0000000081900000, 0x0000000081a00000, 0x0000000081a00000|100%| O|  |TAMS 0x0000000081900000| PB 0x0000000081900000| Untracked 
|  26|0x0000000081a00000, 0x0000000081b00000, 0x0000000081b00000|100%| O|  |TAMS 0x0000000081a00000| PB 0x0000000081a00000| Untracked 
|  27|0x0000000081b00000, 0x0000000081c00000, 0x0000000081c00000|100%| O|  |TAMS 0x0000000081b00000| PB 0x0000000081b00000| Untracked 
|  28|0x0000000081c00000, 0x0000000081d00000, 0x0000000081d00000|100%|HS|  |TAMS 0x0000000081c00000| PB 0x0000000081c00000| Complete 
|  29|0x0000000081d00000, 0x0000000081e00000, 0x0000000081e00000|100%| O|  |TAMS 0x0000000081d00000| PB 0x0000000081d00000| Untracked 
|  30|0x0000000081e00000, 0x0000000081f00000, 0x0000000081f00000|100%| O|  |TAMS 0x0000000081e00000| PB 0x0000000081e00000| Untracked 
|  31|0x0000000081f00000, 0x0000000082000000, 0x0000000082000000|100%| O|  |TAMS 0x0000000081f00000| PB 0x0000000081f00000| Untracked 
|  32|0x0000000082000000, 0x0000000082100000, 0x0000000082100000|100%| O|  |TAMS 0x0000000082000000| PB 0x0000000082000000| Untracked 
|  33|0x0000000082100000, 0x0000000082200000, 0x0000000082200000|100%| O|  |TAMS 0x0000000082100000| PB 0x0000000082100000| Untracked 
|  34|0x0000000082200000, 0x0000000082300000, 0x0000000082300000|100%| O|  |TAMS 0x0000000082200000| PB 0x0000000082200000| Untracked 
|  35|0x0000000082300000, 0x0000000082400000, 0x0000000082400000|100%|HS|  |TAMS 0x0000000082300000| PB 0x0000000082300000| Complete 
|  36|0x0000000082400000, 0x0000000082500000, 0x0000000082500000|100%|HC|  |TAMS 0x0000000082400000| PB 0x0000000082400000| Complete 
|  37|0x0000000082500000, 0x0000000082600000, 0x0000000082600000|100%|HC|  |TAMS 0x0000000082500000| PB 0x0000000082500000| Complete 
|  38|0x0000000082600000, 0x0000000082700000, 0x0000000082700000|100%|HC|  |TAMS 0x0000000082600000| PB 0x0000000082600000| Complete 
|  39|0x0000000082700000, 0x0000000082800000, 0x0000000082800000|100%|HS|  |TAMS 0x0000000082700000| PB 0x0000000082700000| Complete 
|  40|0x0000000082800000, 0x0000000082900000, 0x0000000082900000|100%|HC|  |TAMS 0x0000000082800000| PB 0x0000000082800000| Complete 
|  41|0x0000000082900000, 0x0000000082a00000, 0x0000000082a00000|100%| O|  |TAMS 0x0000000082900000| PB 0x0000000082900000| Untracked 
|  42|0x0000000082a00000, 0x0000000082b00000, 0x0000000082b00000|100%| O|  |TAMS 0x0000000082a00000| PB 0x0000000082a00000| Untracked 
|  43|0x0000000082b00000, 0x0000000082c00000, 0x0000000082c00000|100%| O|  |TAMS 0x0000000082b00000| PB 0x0000000082b00000| Untracked 
|  44|0x0000000082c00000, 0x0000000082d00000, 0x0000000082d00000|100%| O|  |TAMS 0x0000000082c00000| PB 0x0000000082c00000| Untracked 
|  45|0x0000000082d00000, 0x0000000082e00000, 0x0000000082e00000|100%| O|  |TAMS 0x0000000082d00000| PB 0x0000000082d00000| Untracked 
|  46|0x0000000082e00000, 0x0000000082f00000, 0x0000000082f00000|100%| O|  |TAMS 0x0000000082e00000| PB 0x0000000082e00000| Untracked 
|  47|0x0000000082f00000, 0x0000000083000000, 0x0000000083000000|100%| O|  |TAMS 0x0000000082f00000| PB 0x0000000082f00000| Untracked 
|  48|0x0000000083000000, 0x0000000083100000, 0x0000000083100000|100%| O|  |TAMS 0x0000000083000000| PB 0x0000000083000000| Untracked 
|  49|0x0000000083100000, 0x0000000083200000, 0x0000000083200000|100%| O|  |TAMS 0x0000000083100000| PB 0x0000000083100000| Untracked 
|  50|0x0000000083200000, 0x0000000083300000, 0x0000000083300000|100%| O|  |TAMS 0x0000000083200000| PB 0x0000000083200000| Untracked 
|  51|0x0000000083300000, 0x0000000083400000, 0x0000000083400000|100%| O|  |TAMS 0x0000000083300000| PB 0x0000000083300000| Untracked 
|  52|0x0000000083400000, 0x0000000083500000, 0x0000000083500000|100%| O|  |TAMS 0x0000000083400000| PB 0x0000000083400000| Untracked 
|  53|0x0000000083500000, 0x0000000083600000, 0x0000000083600000|100%|HS|  |TAMS 0x0000000083500000| PB 0x0000000083500000| Complete 
|  54|0x0000000083600000, 0x0000000083700000, 0x0000000083700000|100%|HC|  |TAMS 0x0000000083600000| PB 0x0000000083600000| Complete 
|  55|0x0000000083700000, 0x0000000083800000, 0x0000000083800000|100%| O|  |TAMS 0x0000000083700000| PB 0x0000000083700000| Untracked 
|  56|0x0000000083800000, 0x0000000083900000, 0x0000000083900000|100%| O|  |TAMS 0x0000000083800000| PB 0x0000000083800000| Untracked 
|  57|0x0000000083900000, 0x0000000083a00000, 0x0000000083a00000|100%|HS|  |TAMS 0x0000000083900000| PB 0x0000000083900000| Complete 
|  58|0x0000000083a00000, 0x0000000083b00000, 0x0000000083b00000|100%|HC|  |TAMS 0x0000000083a00000| PB 0x0000000083a00000| Complete 
|  59|0x0000000083b00000, 0x0000000083c00000, 0x0000000083c00000|100%|HC|  |TAMS 0x0000000083b00000| PB 0x0000000083b00000| Complete 
|  60|0x0000000083c00000, 0x0000000083d00000, 0x0000000083d00000|100%|HC|  |TAMS 0x0000000083c00000| PB 0x0000000083c00000| Complete 
|  61|0x0000000083d00000, 0x0000000083e00000, 0x0000000083e00000|100%|HC|  |TAMS 0x0000000083d00000| PB 0x0000000083d00000| Complete 
|  62|0x0000000083e00000, 0x0000000083f00000, 0x0000000083f00000|100%|HC|  |TAMS 0x0000000083e00000| PB 0x0000000083e00000| Complete 
|  63|0x0000000083f00000, 0x0000000084000000, 0x0000000084000000|100%| O|  |TAMS 0x0000000083f00000| PB 0x0000000083f00000| Untracked 
|  64|0x0000000084000000, 0x0000000084000000, 0x0000000084100000|  0%| F|  |TAMS 0x0000000084000000| PB 0x0000000084000000| Untracked 
|  65|0x0000000084100000, 0x0000000084200000, 0x0000000084200000|100%| O|  |TAMS 0x0000000084100000| PB 0x0000000084100000| Untracked 
|  66|0x0000000084200000, 0x0000000084300000, 0x0000000084300000|100%| O|  |TAMS 0x0000000084200000| PB 0x0000000084200000| Untracked 
|  67|0x0000000084300000, 0x0000000084400000, 0x0000000084400000|100%| O|  |TAMS 0x0000000084300000| PB 0x0000000084300000| Untracked 
|  68|0x0000000084400000, 0x0000000084500000, 0x0000000084500000|100%| O|  |TAMS 0x0000000084400000| PB 0x0000000084400000| Untracked 
|  69|0x0000000084500000, 0x0000000084600000, 0x0000000084600000|100%|HS|  |TAMS 0x0000000084500000| PB 0x0000000084500000| Complete 
|  70|0x0000000084600000, 0x0000000084700000, 0x0000000084700000|100%|HC|  |TAMS 0x0000000084600000| PB 0x0000000084600000| Complete 
|  71|0x0000000084700000, 0x0000000084800000, 0x0000000084800000|100%|HC|  |TAMS 0x0000000084700000| PB 0x0000000084700000| Complete 
|  72|0x0000000084800000, 0x0000000084900000, 0x0000000084900000|100%|HC|  |TAMS 0x0000000084800000| PB 0x0000000084800000| Complete 
|  73|0x0000000084900000, 0x0000000084a00000, 0x0000000084a00000|100%|HC|  |TAMS 0x0000000084900000| PB 0x0000000084900000| Complete 
|  74|0x0000000084a00000, 0x0000000084b00000, 0x0000000084b00000|100%|HC|  |TAMS 0x0000000084a00000| PB 0x0000000084a00000| Complete 
|  75|0x0000000084b00000, 0x0000000084c00000, 0x0000000084c00000|100%| O|  |TAMS 0x0000000084b00000| PB 0x0000000084b00000| Untracked 
|  76|0x0000000084c00000, 0x0000000084d00000, 0x0000000084d00000|100%| O|  |TAMS 0x0000000084c00000| PB 0x0000000084c00000| Untracked 
|  77|0x0000000084d00000, 0x0000000084e00000, 0x0000000084e00000|100%| O|  |TAMS 0x0000000084d00000| PB 0x0000000084d00000| Untracked 
|  78|0x0000000084e00000, 0x0000000084f00000, 0x0000000084f00000|100%| O|  |TAMS 0x0000000084e00000| PB 0x0000000084e00000| Untracked 
|  79|0x0000000084f00000, 0x0000000085000000, 0x0000000085000000|100%| O|  |TAMS 0x0000000084f00000| PB 0x0000000084f00000| Untracked 
|  80|0x0000000085000000, 0x0000000085100000, 0x0000000085100000|100%| O|  |TAMS 0x0000000085000000| PB 0x0000000085000000| Untracked 
|  81|0x0000000085100000, 0x0000000085200000, 0x0000000085200000|100%| O|  |TAMS 0x0000000085100000| PB 0x0000000085100000| Untracked 
|  82|0x0000000085200000, 0x0000000085300000, 0x0000000085300000|100%|HS|  |TAMS 0x0000000085200000| PB 0x0000000085200000| Complete 
|  83|0x0000000085300000, 0x0000000085400000, 0x0000000085400000|100%|HS|  |TAMS 0x0000000085300000| PB 0x0000000085300000| Complete 
|  84|0x0000000085400000, 0x0000000085500000, 0x0000000085500000|100%|HS|  |TAMS 0x0000000085400000| PB 0x0000000085400000| Complete 
|  85|0x0000000085500000, 0x0000000085600000, 0x0000000085600000|100%|HS|  |TAMS 0x0000000085500000| PB 0x0000000085500000| Complete 
|  86|0x0000000085600000, 0x0000000085700000, 0x0000000085700000|100%|HS|  |TAMS 0x0000000085600000| PB 0x0000000085600000| Complete 
|  87|0x0000000085700000, 0x0000000085700000, 0x0000000085800000|  0%| F|  |TAMS 0x0000000085700000| PB 0x0000000085700000| Untracked 
|  88|0x0000000085800000, 0x0000000085900000, 0x0000000085900000|100%|HS|  |TAMS 0x0000000085800000| PB 0x0000000085800000| Complete 
|  89|0x0000000085900000, 0x0000000085a00000, 0x0000000085a00000|100%| S|CS|TAMS 0x0000000085900000| PB 0x0000000085900000| Complete 
|  90|0x0000000085a00000, 0x0000000085b00000, 0x0000000085b00000|100%| S|CS|TAMS 0x0000000085a00000| PB 0x0000000085a00000| Complete 
|  91|0x0000000085b00000, 0x0000000085c00000, 0x0000000085c00000|100%| S|CS|TAMS 0x0000000085b00000| PB 0x0000000085b00000| Complete 
|  92|0x0000000085c00000, 0x0000000085d00000, 0x0000000085d00000|100%| S|CS|TAMS 0x0000000085c00000| PB 0x0000000085c00000| Complete 
|  93|0x0000000085d00000, 0x0000000085e00000, 0x0000000085e00000|100%| S|CS|TAMS 0x0000000085d00000| PB 0x0000000085d00000| Complete 
|  94|0x0000000085e00000, 0x0000000085f00000, 0x0000000085f00000|100%| S|CS|TAMS 0x0000000085e00000| PB 0x0000000085e00000| Complete 
|  95|0x0000000085f00000, 0x0000000085f00000, 0x0000000086000000|  0%| F|  |TAMS 0x0000000085f00000| PB 0x0000000085f00000| Untracked 
|  96|0x0000000086000000, 0x0000000086000000, 0x0000000086100000|  0%| F|  |TAMS 0x0000000086000000| PB 0x0000000086000000| Untracked 
|  97|0x0000000086100000, 0x0000000086100000, 0x0000000086200000|  0%| F|  |TAMS 0x0000000086100000| PB 0x0000000086100000| Untracked 
|  98|0x0000000086200000, 0x0000000086200000, 0x0000000086300000|  0%| F|  |TAMS 0x0000000086200000| PB 0x0000000086200000| Untracked 
|  99|0x0000000086300000, 0x0000000086300000, 0x0000000086400000|  0%| F|  |TAMS 0x0000000086300000| PB 0x0000000086300000| Untracked 
| 100|0x0000000086400000, 0x0000000086400000, 0x0000000086500000|  0%| F|  |TAMS 0x0000000086400000| PB 0x0000000086400000| Untracked 
| 101|0x0000000086500000, 0x0000000086500000, 0x0000000086600000|  0%| F|  |TAMS 0x0000000086500000| PB 0x0000000086500000| Untracked 
| 102|0x0000000086600000, 0x0000000086600000, 0x0000000086700000|  0%| F|  |TAMS 0x0000000086600000| PB 0x0000000086600000| Untracked 
| 103|0x0000000086700000, 0x0000000086700000, 0x0000000086800000|  0%| F|  |TAMS 0x0000000086700000| PB 0x0000000086700000| Untracked 
| 104|0x0000000086800000, 0x0000000086800000, 0x0000000086900000|  0%| F|  |TAMS 0x0000000086800000| PB 0x0000000086800000| Untracked 
| 105|0x0000000086900000, 0x0000000086900000, 0x0000000086a00000|  0%| F|  |TAMS 0x0000000086900000| PB 0x0000000086900000| Untracked 
| 106|0x0000000086a00000, 0x0000000086a00000, 0x0000000086b00000|  0%| F|  |TAMS 0x0000000086a00000| PB 0x0000000086a00000| Untracked 
| 107|0x0000000086b00000, 0x0000000086b00000, 0x0000000086c00000|  0%| F|  |TAMS 0x0000000086b00000| PB 0x0000000086b00000| Untracked 
| 108|0x0000000086c00000, 0x0000000086c00000, 0x0000000086d00000|  0%| F|  |TAMS 0x0000000086c00000| PB 0x0000000086c00000| Untracked 
| 109|0x0000000086d00000, 0x0000000086d00000, 0x0000000086e00000|  0%| F|  |TAMS 0x0000000086d00000| PB 0x0000000086d00000| Untracked 
| 110|0x0000000086e00000, 0x0000000086e00000, 0x0000000086f00000|  0%| F|  |TAMS 0x0000000086e00000| PB 0x0000000086e00000| Untracked 
| 111|0x0000000086f00000, 0x0000000086f00000, 0x0000000087000000|  0%| F|  |TAMS 0x0000000086f00000| PB 0x0000000086f00000| Untracked 
| 112|0x0000000087000000, 0x0000000087000000, 0x0000000087100000|  0%| F|  |TAMS 0x0000000087000000| PB 0x0000000087000000| Untracked 
| 113|0x0000000087100000, 0x0000000087100000, 0x0000000087200000|  0%| F|  |TAMS 0x0000000087100000| PB 0x0000000087100000| Untracked 
| 114|0x0000000087200000, 0x0000000087200000, 0x0000000087300000|  0%| F|  |TAMS 0x0000000087200000| PB 0x0000000087200000| Untracked 
| 115|0x0000000087300000, 0x0000000087300000, 0x0000000087400000|  0%| F|  |TAMS 0x0000000087300000| PB 0x0000000087300000| Untracked 
| 116|0x0000000087400000, 0x0000000087400000, 0x0000000087500000|  0%| F|  |TAMS 0x0000000087400000| PB 0x0000000087400000| Untracked 
| 117|0x0000000087500000, 0x0000000087500000, 0x0000000087600000|  0%| F|  |TAMS 0x0000000087500000| PB 0x0000000087500000| Untracked 
| 118|0x0000000087600000, 0x0000000087600000, 0x0000000087700000|  0%| F|  |TAMS 0x0000000087600000| PB 0x0000000087600000| Untracked 
| 119|0x0000000087700000, 0x0000000087700000, 0x0000000087800000|  0%| F|  |TAMS 0x0000000087700000| PB 0x0000000087700000| Untracked 
| 120|0x0000000087800000, 0x0000000087800000, 0x0000000087900000|  0%| F|  |TAMS 0x0000000087800000| PB 0x0000000087800000| Untracked 
| 121|0x0000000087900000, 0x0000000087900000, 0x0000000087a00000|  0%| F|  |TAMS 0x0000000087900000| PB 0x0000000087900000| Untracked 
| 122|0x0000000087a00000, 0x0000000087a00000, 0x0000000087b00000|  0%| F|  |TAMS 0x0000000087a00000| PB 0x0000000087a00000| Untracked 
| 123|0x0000000087b00000, 0x0000000087b00000, 0x0000000087c00000|  0%| F|  |TAMS 0x0000000087b00000| PB 0x0000000087b00000| Untracked 
| 124|0x0000000087c00000, 0x0000000087c00000, 0x0000000087d00000|  0%| F|  |TAMS 0x0000000087c00000| PB 0x0000000087c00000| Untracked 
| 125|0x0000000087d00000, 0x0000000087d00000, 0x0000000087e00000|  0%| F|  |TAMS 0x0000000087d00000| PB 0x0000000087d00000| Untracked 
| 126|0x0000000087e00000, 0x0000000087e00000, 0x0000000087f00000|  0%| F|  |TAMS 0x0000000087e00000| PB 0x0000000087e00000| Untracked 
| 127|0x0000000087f00000, 0x0000000087f00000, 0x0000000088000000|  0%| F|  |TAMS 0x0000000087f00000| PB 0x0000000087f00000| Untracked 
| 128|0x0000000088000000, 0x0000000088000000, 0x0000000088100000|  0%| F|  |TAMS 0x0000000088000000| PB 0x0000000088000000| Untracked 
| 129|0x0000000088100000, 0x0000000088100000, 0x0000000088200000|  0%| F|  |TAMS 0x0000000088100000| PB 0x0000000088100000| Untracked 
| 130|0x0000000088200000, 0x0000000088200000, 0x0000000088300000|  0%| F|  |TAMS 0x0000000088200000| PB 0x0000000088200000| Untracked 
| 131|0x0000000088300000, 0x0000000088300000, 0x0000000088400000|  0%| F|  |TAMS 0x0000000088300000| PB 0x0000000088300000| Untracked 
| 132|0x0000000088400000, 0x0000000088500000, 0x0000000088500000|100%| S|CS|TAMS 0x0000000088400000| PB 0x0000000088400000| Complete 
| 133|0x0000000088500000, 0x0000000088500000, 0x0000000088600000|  0%| F|  |TAMS 0x0000000088500000| PB 0x0000000088500000| Untracked 
| 134|0x0000000088600000, 0x0000000088600000, 0x0000000088700000|  0%| F|  |TAMS 0x0000000088600000| PB 0x0000000088600000| Untracked 
| 135|0x0000000088700000, 0x0000000088700000, 0x0000000088800000|  0%| F|  |TAMS 0x0000000088700000| PB 0x0000000088700000| Untracked 
| 136|0x0000000088800000, 0x0000000088800000, 0x0000000088900000|  0%| F|  |TAMS 0x0000000088800000| PB 0x0000000088800000| Untracked 
| 137|0x0000000088900000, 0x0000000088900000, 0x0000000088a00000|  0%| F|  |TAMS 0x0000000088900000| PB 0x0000000088900000| Untracked 
| 138|0x0000000088a00000, 0x0000000088a00000, 0x0000000088b00000|  0%| F|  |TAMS 0x0000000088a00000| PB 0x0000000088a00000| Untracked 
| 139|0x0000000088b00000, 0x0000000088b00000, 0x0000000088c00000|  0%| F|  |TAMS 0x0000000088b00000| PB 0x0000000088b00000| Untracked 
| 140|0x0000000088c00000, 0x0000000088c00000, 0x0000000088d00000|  0%| F|  |TAMS 0x0000000088c00000| PB 0x0000000088c00000| Untracked 
| 141|0x0000000088d00000, 0x0000000088d00000, 0x0000000088e00000|  0%| F|  |TAMS 0x0000000088d00000| PB 0x0000000088d00000| Untracked 
| 142|0x0000000088e00000, 0x0000000088e00000, 0x0000000088f00000|  0%| F|  |TAMS 0x0000000088e00000| PB 0x0000000088e00000| Untracked 
| 143|0x0000000088f00000, 0x0000000088f00000, 0x0000000089000000|  0%| F|  |TAMS 0x0000000088f00000| PB 0x0000000088f00000| Untracked 
| 144|0x0000000089000000, 0x0000000089000000, 0x0000000089100000|  0%| F|  |TAMS 0x0000000089000000| PB 0x0000000089000000| Untracked 
| 145|0x0000000089100000, 0x0000000089100000, 0x0000000089200000|  0%| F|  |TAMS 0x0000000089100000| PB 0x0000000089100000| Untracked 
| 146|0x0000000089200000, 0x0000000089200000, 0x0000000089300000|  0%| F|  |TAMS 0x0000000089200000| PB 0x0000000089200000| Untracked 
| 147|0x0000000089300000, 0x0000000089300000, 0x0000000089400000|  0%| F|  |TAMS 0x0000000089300000| PB 0x0000000089300000| Untracked 
| 148|0x0000000089400000, 0x0000000089400000, 0x0000000089500000|  0%| F|  |TAMS 0x0000000089400000| PB 0x0000000089400000| Untracked 
| 149|0x0000000089500000, 0x0000000089500000, 0x0000000089600000|  0%| F|  |TAMS 0x0000000089500000| PB 0x0000000089500000| Untracked 
| 150|0x0000000089600000, 0x0000000089600000, 0x0000000089700000|  0%| F|  |TAMS 0x0000000089600000| PB 0x0000000089600000| Untracked 
| 151|0x0000000089700000, 0x0000000089700000, 0x0000000089800000|  0%| F|  |TAMS 0x0000000089700000| PB 0x0000000089700000| Untracked 
| 152|0x0000000089800000, 0x0000000089800000, 0x0000000089900000|  0%| F|  |TAMS 0x0000000089800000| PB 0x0000000089800000| Untracked 
| 153|0x0000000089900000, 0x0000000089900000, 0x0000000089a00000|  0%| F|  |TAMS 0x0000000089900000| PB 0x0000000089900000| Untracked 
| 154|0x0000000089a00000, 0x0000000089a00000, 0x0000000089b00000|  0%| F|  |TAMS 0x0000000089a00000| PB 0x0000000089a00000| Untracked 
| 155|0x0000000089b00000, 0x0000000089b00000, 0x0000000089c00000|  0%| F|  |TAMS 0x0000000089b00000| PB 0x0000000089b00000| Untracked 
| 156|0x0000000089c00000, 0x0000000089c00000, 0x0000000089d00000|  0%| F|  |TAMS 0x0000000089c00000| PB 0x0000000089c00000| Untracked 
| 157|0x0000000089d00000, 0x0000000089d00000, 0x0000000089e00000|  0%| F|  |TAMS 0x0000000089d00000| PB 0x0000000089d00000| Untracked 
| 158|0x0000000089e00000, 0x0000000089e00000, 0x0000000089f00000|  0%| F|  |TAMS 0x0000000089e00000| PB 0x0000000089e00000| Untracked 
| 159|0x0000000089f00000, 0x0000000089f00000, 0x000000008a000000|  0%| F|  |TAMS 0x0000000089f00000| PB 0x0000000089f00000| Untracked 
| 160|0x000000008a000000, 0x000000008a000000, 0x000000008a100000|  0%| F|  |TAMS 0x000000008a000000| PB 0x000000008a000000| Untracked 
| 161|0x000000008a100000, 0x000000008a100000, 0x000000008a200000|  0%| F|  |TAMS 0x000000008a100000| PB 0x000000008a100000| Untracked 
| 162|0x000000008a200000, 0x000000008a200000, 0x000000008a300000|  0%| F|  |TAMS 0x000000008a200000| PB 0x000000008a200000| Untracked 
| 163|0x000000008a300000, 0x000000008a300000, 0x000000008a400000|  0%| F|  |TAMS 0x000000008a300000| PB 0x000000008a300000| Untracked 
| 190|0x000000008be00000, 0x000000008be00000, 0x000000008bf00000|  0%| F|  |TAMS 0x000000008be00000| PB 0x000000008be00000| Untracked 
| 191|0x000000008bf00000, 0x000000008bf00000, 0x000000008c000000|  0%| F|  |TAMS 0x000000008bf00000| PB 0x000000008bf00000| Untracked 
| 192|0x000000008c000000, 0x000000008c008f30, 0x000000008c100000|  3%| E|  |TAMS 0x000000008c000000| PB 0x000000008c000000| Complete 
| 193|0x000000008c100000, 0x000000008c200000, 0x000000008c200000|100%| E|CS|TAMS 0x000000008c100000| PB 0x000000008c100000| Complete 
| 194|0x000000008c200000, 0x000000008c300000, 0x000000008c300000|100%| E|CS|TAMS 0x000000008c200000| PB 0x000000008c200000| Complete 
| 195|0x000000008c300000, 0x000000008c400000, 0x000000008c400000|100%| E|  |TAMS 0x000000008c300000| PB 0x000000008c300000| Complete 
| 196|0x000000008c400000, 0x000000008c500000, 0x000000008c500000|100%| E|CS|TAMS 0x000000008c400000| PB 0x000000008c400000| Complete 
| 197|0x000000008c500000, 0x000000008c600000, 0x000000008c600000|100%| E|CS|TAMS 0x000000008c500000| PB 0x000000008c500000| Complete 
| 198|0x000000008c600000, 0x000000008c700000, 0x000000008c700000|100%| E|CS|TAMS 0x000000008c600000| PB 0x000000008c600000| Complete 
| 222|0x000000008de00000, 0x000000008df00000, 0x000000008df00000|100%| E|CS|TAMS 0x000000008de00000| PB 0x000000008de00000| Complete 
| 223|0x000000008df00000, 0x000000008e000000, 0x000000008e000000|100%| E|CS|TAMS 0x000000008df00000| PB 0x000000008df00000| Complete 
|2040|0x00000000ff800000, 0x00000000ff892810, 0x00000000ff900000| 57%| O|  |TAMS 0x00000000ff800000| PB 0x00000000ff800000| Untracked 
|2041|0x00000000ff900000, 0x00000000ffa00000, 0x00000000ffa00000|100%| O|  |TAMS 0x00000000ff900000| PB 0x00000000ff900000| Untracked 
|2042|0x00000000ffa00000, 0x00000000ffb00000, 0x00000000ffb00000|100%| O|  |TAMS 0x00000000ffa00000| PB 0x00000000ffa00000| Untracked 
|2043|0x00000000ffb00000, 0x00000000ffc00000, 0x00000000ffc00000|100%| O|  |TAMS 0x00000000ffb00000| PB 0x00000000ffb00000| Untracked 
|2044|0x00000000ffc00000, 0x00000000ffd00000, 0x00000000ffd00000|100%| E|CS|TAMS 0x00000000ffc00000| PB 0x00000000ffc00000| Complete 
|2045|0x00000000ffd00000, 0x00000000ffe00000, 0x00000000ffe00000|100%| E|CS|TAMS 0x00000000ffd00000| PB 0x00000000ffd00000| Complete 
|2046|0x00000000ffe00000, 0x00000000fff00000, 0x00000000fff00000|100%| E|CS|TAMS 0x00000000ffe00000| PB 0x00000000ffe00000| Complete 
|2047|0x00000000fff00000, 0x0000000100000000, 0x0000000100000000|100%| O|  |TAMS 0x00000000fff00000| PB 0x00000000fff00000| Untracked 

Card table byte_map: [0x0000021431d60000,0x0000021432160000] _byte_map_base: 0x0000021431960000

Marking Bits: (CMBitMap*) 0x000002141f529af0
 Bits: [0x0000021432160000, 0x0000021434160000)

Polling page: 0x000002141d340000

Metaspace:

Usage:
  Non-class:     64.92 MB used.
      Class:     10.13 MB used.
       Both:     75.05 MB used.

Virtual space:
  Non-class space:      128.00 MB reserved,      65.81 MB ( 51%) committed,  2 nodes.
      Class space:        1.00 GB reserved,      11.00 MB (  1%) committed,  1 nodes.
             Both:        1.12 GB reserved,      76.81 MB (  7%) committed. 

Chunk freelists:
   Non-Class:  13.75 MB
       Class:  4.82 MB
        Both:  18.57 MB

MaxMetaspaceSize: unlimited
CompressedClassSpaceSize: 1.00 GB
Initial GC threshold: 21.00 MB
Current GC threshold: 121.50 MB
CDS: off
 - commit_granule_bytes: 65536.
 - commit_granule_words: 8192.
 - virtual_space_node_default_size: 8388608.
 - enlarge_chunks_in_place: 1.
 - use_allocation_guard: 0.


Internal statistics:

num_allocs_failed_limit: 6.
num_arena_births: 3372.
num_arena_deaths: 0.
num_vsnodes_births: 3.
num_vsnodes_deaths: 0.
num_space_committed: 1229.
num_space_uncommitted: 0.
num_chunks_returned_to_freelist: 6.
num_chunks_taken_from_freelist: 6569.
num_chunk_merges: 3.
num_chunk_splits: 4265.
num_chunks_enlarged: 2650.
num_inconsistent_stats: 0.

CodeHeap 'non-profiled nmethods': size=120000Kb used=4234Kb max_used=4234Kb free=115765Kb
 bounds [0x000002142a100000, 0x000002142a530000, 0x0000021431630000]
CodeHeap 'profiled nmethods': size=120000Kb used=14120Kb max_used=14120Kb free=105879Kb
 bounds [0x0000021422630000, 0x0000021423400000, 0x0000021429b60000]
CodeHeap 'non-nmethods': size=5760Kb used=2762Kb max_used=2820Kb free=2997Kb
 bounds [0x0000021429b60000, 0x0000021429e30000, 0x000002142a100000]
 total_blobs=8558 nmethods=7658 adapters=804
 compilation: enabled
              stopped_count=0, restarted_count=0
 full_count=0

Compilation events (20 events):
Event: 11.021 Thread 0x000002143b0bfb20 8778       1       org.gradle.model.internal.asm.AsmClassGenerator::getGeneratedType (5 bytes)
Event: 11.021 Thread 0x000002143b0bfb20 nmethod 8778 0x000002142a520e90 code [0x000002142a521020, 0x000002142a5210e8]
Event: 11.021 Thread 0x000002143b0bfb20 8779       3       jdk.internal.org.objectweb.asm.ClassReader::getFirstAttributeOffset (136 bytes)
Event: 11.021 Thread 0x000002143b0bfb20 nmethod 8779 0x00000214233f1110 code [0x00000214233f1360, 0x00000214233f19f0]
Event: 11.022 Thread 0x000002143b0bfb20 8780       3       org.gradle.cache.internal.DefaultCrossBuildInMemoryCacheFactory$DefaultClassMap::retainValue (10 bytes)
Event: 11.022 Thread 0x000002143b0bfb20 nmethod 8780 0x00000214233f1c90 code [0x00000214233f1e60, 0x00000214233f21d0]
Event: 11.022 Thread 0x000002143b0bfb20 8781       3       org.gradle.cache.internal.DefaultCrossBuildInMemoryCacheFactory$DefaultClassMap::retainValue (14 bytes)
Event: 11.023 Thread 0x000002143b0bfb20 nmethod 8781 0x00000214233f2310 code [0x00000214233f2540, 0x00000214233f2e18]
Event: 11.025 Thread 0x000002143b0bfb20 8782       3       org.gradle.internal.service.ServiceAccess::createToken (15 bytes)
Event: 11.025 Thread 0x000002143b0bfb20 nmethod 8782 0x00000214233f3090 code [0x00000214233f3260, 0x00000214233f3510]
Event: 11.025 Thread 0x000002143b0bfb20 8783       3       org.gradle.internal.service.DefaultServiceAccessToken::<init> (15 bytes)
Event: 11.025 Thread 0x000002143b0bfb20 nmethod 8783 0x00000214233f3610 code [0x00000214233f37c0, 0x00000214233f3980]
Event: 11.029 Thread 0x000002143dff13a0 nmethod 8754 0x000002142a521190 code [0x000002142a5213a0, 0x000002142a522138]
Event: 11.029 Thread 0x000002143dff13a0 8766       4       sun.util.locale.BaseLocale::getInstance (150 bytes)
Event: 11.030 Thread 0x000002143b0bfb20 8784       3       org.objectweb.asm.ClassVisitor::<init> (79 bytes)
Event: 11.030 Thread 0x000002143b0bfb20 nmethod 8784 0x00000214233f3a90 code [0x00000214233f3ce0, 0x00000214233f45a8]
Event: 11.030 Thread 0x000002143b0bfb20 8785       3       org.objectweb.asm.ClassWriter::toByteArray (1535 bytes)
Event: 11.036 Thread 0x000002143b0bfb20 nmethod 8785 0x00000214233f4890 code [0x00000214233f5200, 0x00000214233f9010]
Event: 11.036 Thread 0x000002143b0bfb20 8786       1       org.objectweb.asm.SymbolTable::getConstantPoolCount (5 bytes)
Event: 11.036 Thread 0x000002143b0bfb20 nmethod 8786 0x000002142a522810 code [0x000002142a5229a0, 0x000002142a522a68]

GC Heap History (20 events):
Event: 7.201 GC heap before
{Heap before GC invocations=18 (full 0):
 garbage-first heap   total 95232K, used 93353K [0x0000000080000000, 0x0000000100000000)
  region size 1024K, 23 young (23552K), 4 survivors (4096K)
 Metaspace       used 57681K, committed 59264K, reserved 1114112K
  class space    used 7728K, committed 8512K, reserved 1048576K
}
Event: 7.206 GC heap after
{Heap after GC invocations=19 (full 0):
 garbage-first heap   total 124928K, used 77485K [0x0000000080000000, 0x0000000100000000)
  region size 1024K, 4 young (4096K), 4 survivors (4096K)
 Metaspace       used 57681K, committed 59264K, reserved 1114112K
  class space    used 7728K, committed 8512K, reserved 1048576K
}
Event: 7.405 GC heap before
{Heap before GC invocations=19 (full 0):
 garbage-first heap   total 124928K, used 109229K [0x0000000080000000, 0x0000000100000000)
  region size 1024K, 35 young (35840K), 4 survivors (4096K)
 Metaspace       used 58757K, committed 60416K, reserved 1114112K
  class space    used 7865K, committed 8704K, reserved 1048576K
}
Event: 7.407 GC heap after
{Heap after GC invocations=20 (full 0):
 garbage-first heap   total 124928K, used 77803K [0x0000000080000000, 0x0000000100000000)
  region size 1024K, 2 young (2048K), 2 survivors (2048K)
 Metaspace       used 58757K, committed 60416K, reserved 1114112K
  class space    used 7865K, committed 8704K, reserved 1048576K
}
Event: 7.901 GC heap before
{Heap before GC invocations=21 (full 0):
 garbage-first heap   total 132096K, used 110571K [0x0000000080000000, 0x0000000100000000)
  region size 1024K, 34 young (34816K), 2 survivors (2048K)
 Metaspace       used 63109K, committed 64832K, reserved 1114112K
  class space    used 8483K, committed 9344K, reserved 1048576K
}
Event: 7.903 GC heap after
{Heap after GC invocations=22 (full 0):
 garbage-first heap   total 132096K, used 78924K [0x0000000080000000, 0x0000000100000000)
  region size 1024K, 3 young (3072K), 3 survivors (3072K)
 Metaspace       used 63109K, committed 64832K, reserved 1114112K
  class space    used 8483K, committed 9344K, reserved 1048576K
}
Event: 8.466 GC heap before
{Heap before GC invocations=22 (full 0):
 garbage-first heap   total 132096K, used 117836K [0x0000000080000000, 0x0000000100000000)
  region size 1024K, 41 young (41984K), 3 survivors (3072K)
 Metaspace       used 68182K, committed 69888K, reserved 1114112K
  class space    used 9273K, committed 10112K, reserved 1048576K
}
Event: 8.470 GC heap after
{Heap after GC invocations=23 (full 0):
 garbage-first heap   total 132096K, used 79938K [0x0000000080000000, 0x0000000100000000)
  region size 1024K, 5 young (5120K), 5 survivors (5120K)
 Metaspace       used 68182K, committed 69888K, reserved 1114112K
  class space    used 9273K, committed 10112K, reserved 1048576K
}
Event: 9.287 GC heap before
{Heap before GC invocations=23 (full 0):
 garbage-first heap   total 132096K, used 118850K [0x0000000080000000, 0x0000000100000000)
  region size 1024K, 43 young (44032K), 5 survivors (5120K)
 Metaspace       used 72056K, committed 73856K, reserved 1114112K
  class space    used 9868K, committed 10752K, reserved 1048576K
}
Event: 9.292 GC heap after
{Heap after GC invocations=24 (full 0):
 garbage-first heap   total 132096K, used 83258K [0x0000000080000000, 0x0000000100000000)
  region size 1024K, 6 young (6144K), 6 survivors (6144K)
 Metaspace       used 72056K, committed 73856K, reserved 1114112K
  class space    used 9868K, committed 10752K, reserved 1048576K
}
Event: 9.695 GC heap before
{Heap before GC invocations=25 (full 0):
 garbage-first heap   total 140288K, used 116026K [0x0000000080000000, 0x0000000100000000)
  region size 1024K, 39 young (39936K), 6 survivors (6144K)
 Metaspace       used 72479K, committed 74304K, reserved 1114112K
  class space    used 9886K, committed 10816K, reserved 1048576K
}
Event: 9.701 GC heap after
{Heap after GC invocations=26 (full 0):
 garbage-first heap   total 140288K, used 88008K [0x0000000080000000, 0x0000000100000000)
  region size 1024K, 5 young (5120K), 5 survivors (5120K)
 Metaspace       used 72479K, committed 74304K, reserved 1114112K
  class space    used 9886K, committed 10816K, reserved 1048576K
}
Event: 9.945 GC heap before
{Heap before GC invocations=26 (full 0):
 garbage-first heap   total 140288K, used 124872K [0x0000000080000000, 0x0000000100000000)
  region size 1024K, 42 young (43008K), 5 survivors (5120K)
 Metaspace       used 72754K, committed 74624K, reserved 1114112K
  class space    used 9886K, committed 10816K, reserved 1048576K
}
Event: 9.950 GC heap after
{Heap after GC invocations=27 (full 0):
 garbage-first heap   total 140288K, used 87932K [0x0000000080000000, 0x0000000100000000)
  region size 1024K, 4 young (4096K), 4 survivors (4096K)
 Metaspace       used 72754K, committed 74624K, reserved 1114112K
  class space    used 9886K, committed 10816K, reserved 1048576K
}
Event: 10.152 GC heap before
{Heap before GC invocations=27 (full 0):
 garbage-first heap   total 140288K, used 125820K [0x0000000080000000, 0x0000000100000000)
  region size 1024K, 42 young (43008K), 4 survivors (4096K)
 Metaspace       used 72810K, committed 74624K, reserved 1114112K
  class space    used 9886K, committed 10816K, reserved 1048576K
}
Event: 10.155 GC heap after
{Heap after GC invocations=28 (full 0):
 garbage-first heap   total 140288K, used 88561K [0x0000000080000000, 0x0000000100000000)
  region size 1024K, 5 young (5120K), 5 survivors (5120K)
 Metaspace       used 72810K, committed 74624K, reserved 1114112K
  class space    used 9886K, committed 10816K, reserved 1048576K
}
Event: 10.418 GC heap before
{Heap before GC invocations=29 (full 0):
 garbage-first heap   total 150528K, used 124401K [0x0000000080000000, 0x0000000100000000)
  region size 1024K, 41 young (41984K), 5 survivors (5120K)
 Metaspace       used 72926K, committed 74752K, reserved 1114112K
  class space    used 9905K, committed 10816K, reserved 1048576K
}
Event: 10.421 GC heap after
{Heap after GC invocations=30 (full 0):
 garbage-first heap   total 150528K, used 89798K [0x0000000080000000, 0x0000000100000000)
  region size 1024K, 5 young (5120K), 5 survivors (5120K)
 Metaspace       used 72926K, committed 74752K, reserved 1114112K
  class space    used 9905K, committed 10816K, reserved 1048576K
}
Event: 10.889 GC heap before
{Heap before GC invocations=30 (full 0):
 garbage-first heap   total 150528K, used 142022K [0x0000000080000000, 0x0000000100000000)
  region size 1024K, 50 young (51200K), 5 survivors (5120K)
 Metaspace       used 75877K, committed 77696K, reserved 1179648K
  class space    used 10274K, committed 11200K, reserved 1048576K
}
Event: 10.893 GC heap after
{Heap after GC invocations=31 (full 0):
 garbage-first heap   total 187392K, used 100938K [0x0000000080000000, 0x0000000100000000)
  region size 1024K, 7 young (7168K), 7 survivors (7168K)
 Metaspace       used 75877K, committed 77696K, reserved 1179648K
  class space    used 10274K, committed 11200K, reserved 1048576K
}

Dll operation events (3 events):
Event: 0.008 Loaded shared library F:\1\jbr\bin\java.dll
Event: 0.017 Loaded shared library F:\1\jbr\bin\zip.dll
Event: 0.698 Loaded shared library F:\1\jbr\bin\verify.dll

Deoptimization events (20 events):
Event: 10.544 Thread 0x000002143cfd7590 Uncommon trap: trap_request=0xffffffc6 fr.pc=0x000002142a516b94 relative=0x0000000000000994
Event: 10.544 Thread 0x000002143cfd7590 Uncommon trap: reason=bimorphic_or_optimized_type_check action=maybe_recompile pc=0x000002142a516b94 method=sun.security.provider.DigestBase.engineDigest([BII)I @ 97 c2
Event: 10.544 Thread 0x000002143cfd7590 DEOPT PACKING pc=0x000002142a516b94 sp=0x0000005385df5d90
Event: 10.544 Thread 0x000002143cfd7590 DEOPT UNPACKING pc=0x0000021429bb46a2 sp=0x0000005385df5cf0 mode 2
Event: 10.548 Thread 0x000002143cfd7590 Uncommon trap: trap_request=0xffffffc6 fr.pc=0x000002142a4e55d8 relative=0x00000000000003d8
Event: 10.548 Thread 0x000002143cfd7590 Uncommon trap: reason=bimorphic_or_optimized_type_check action=maybe_recompile pc=0x000002142a4e55d8 method=com.google.common.cache.LocalCache$Segment.getEntry(Ljava/lang/Object;I)Lcom/google/common/cache/ReferenceEntry; @ 24 c2
Event: 10.548 Thread 0x000002143cfd7590 DEOPT PACKING pc=0x000002142a4e55d8 sp=0x0000005385df64b0
Event: 10.548 Thread 0x000002143cfd7590 DEOPT UNPACKING pc=0x0000021429bb46a2 sp=0x0000005385df6448 mode 2
Event: 10.737 Thread 0x000002143cfd7590 Uncommon trap: trap_request=0xffffffc6 fr.pc=0x000002142a4e55d8 relative=0x00000000000003d8
Event: 10.737 Thread 0x000002143cfd7590 Uncommon trap: reason=bimorphic_or_optimized_type_check action=maybe_recompile pc=0x000002142a4e55d8 method=com.google.common.cache.LocalCache$Segment.getEntry(Ljava/lang/Object;I)Lcom/google/common/cache/ReferenceEntry; @ 24 c2
Event: 10.737 Thread 0x000002143cfd7590 DEOPT PACKING pc=0x000002142a4e55d8 sp=0x0000005385df5fe0
Event: 10.737 Thread 0x000002143cfd7590 DEOPT UNPACKING pc=0x0000021429bb46a2 sp=0x0000005385df5f78 mode 2
Event: 10.740 Thread 0x000002143cfd7590 Uncommon trap: trap_request=0xffffffc6 fr.pc=0x000002142a4e55d8 relative=0x00000000000003d8
Event: 10.740 Thread 0x000002143cfd7590 Uncommon trap: reason=bimorphic_or_optimized_type_check action=maybe_recompile pc=0x000002142a4e55d8 method=com.google.common.cache.LocalCache$Segment.getEntry(Ljava/lang/Object;I)Lcom/google/common/cache/ReferenceEntry; @ 24 c2
Event: 10.740 Thread 0x000002143cfd7590 DEOPT PACKING pc=0x000002142a4e55d8 sp=0x0000005385df60e0
Event: 10.740 Thread 0x000002143cfd7590 DEOPT UNPACKING pc=0x0000021429bb46a2 sp=0x0000005385df6078 mode 2
Event: 10.826 Thread 0x000002143cfd7590 Uncommon trap: trap_request=0xffffff45 fr.pc=0x000002142a24beb4 relative=0x0000000000001eb4
Event: 10.826 Thread 0x000002143cfd7590 Uncommon trap: reason=unstable_if action=reinterpret pc=0x000002142a24beb4 method=java.util.zip.InflaterInputStream.read([BII)I @ 94 c2
Event: 10.826 Thread 0x000002143cfd7590 DEOPT PACKING pc=0x000002142a24beb4 sp=0x0000005385df4310
Event: 10.826 Thread 0x000002143cfd7590 DEOPT UNPACKING pc=0x0000021429bb46a2 sp=0x0000005385df4360 mode 2

Classes loaded (20 events):
Event: 8.546 Loading class org/xml/sax/Attributes
Event: 8.546 Loading class org/xml/sax/Attributes done
Event: 8.613 Loading class java/util/DualPivotQuicksort
Event: 8.613 Loading class java/util/DualPivotQuicksort done
Event: 8.694 Loading class java/util/function/LongUnaryOperator
Event: 8.694 Loading class java/util/function/LongUnaryOperator done
Event: 9.342 Loading class java/util/Collections$ReverseComparator
Event: 9.342 Loading class java/util/Collections$ReverseComparator done
Event: 9.342 Loading class java/util/Collections$ReverseComparator2
Event: 9.342 Loading class java/util/Collections$ReverseComparator2 done
Event: 10.872 Loading class java/util/concurrent/atomic/AtomicIntegerArray
Event: 10.872 Loading class java/util/concurrent/atomic/AtomicIntegerArray done
Event: 10.874 Loading class java/util/Currency
Event: 10.875 Loading class java/util/Currency done
Event: 10.896 Loading class java/util/concurrent/atomic/AtomicLongArray
Event: 10.896 Loading class java/util/concurrent/atomic/AtomicLongArray done
Event: 11.002 Loading class sun/text/resources/cldr/FormatData_en
Event: 11.003 Loading class sun/text/resources/cldr/FormatData_en done
Event: 11.003 Loading class sun/text/resources/cldr/FormatData_en_US
Event: 11.003 Loading class sun/text/resources/cldr/FormatData_en_US done

Classes unloaded (0 events):
No events

Classes redefined (0 events):
No events

Internal exceptions (20 events):
Event: 8.773 Thread 0x000002143cfd7590 Exception <a 'java/lang/NoSuchMethodError'{0x0000000086a6a4e0}: 'java.lang.Object java.lang.invoke.DelegatingMethodHandle$Holder.reinvoke_L(java.lang.Object, java.lang.Object, java.lang.Object, java.lang.Object, java.lang.Object, java.lang.Object, java.lang.Object, java.lang.Object, java.lang.Object, java.lang.Object, java.lang.Object, java.lang.Object, java.lang.Object, java.lang.Object, java.lang.Object, java.lang.Object, java.lang.Object)'> (0x0000000086a6a4e0) 
thrown [s\src\hotspot\share\interpreter\l
Event: 8.782 Thread 0x000002143cfd7590 Exception <a 'java/lang/NoSuchMethodError'{0x0000000086af7588}: 'void java.lang.invoke.DirectMethodHandle$Holder.invokeStatic(java.lang.Object, java.lang.Object, java.lang.Object, java.lang.Object, java.lang.Object, java.lang.Object)'> (0x0000000086af7588) 
thrown [s\src\hotspot\share\interpreter\linkResolver.cpp, line 784]
Event: 8.866 Thread 0x000002143cfd7590 Exception <a 'java/lang/NoSuchMethodError'{0x00000000866537b0}: static Lorg/gradle/api/internal/catalog/DefaultVersionCatalog;.<clinit>()V> (0x00000000866537b0) 
thrown [s\src\hotspot\share\prims\jni.cpp, line 1135]
Event: 8.873 Thread 0x000002143cfd7590 Exception <a 'java/lang/NoSuchMethodError'{0x00000000866a75a8}: static [Ljava/lang/Object;.<clinit>()V> (0x00000000866a75a8) 
thrown [s\src\hotspot\share\prims\jni.cpp, line 1135]
Event: 8.876 Thread 0x000002143cfd7590 Exception <a 'java/lang/NoSuchMethodError'{0x00000000866d0490}: static Lorg/gradle/api/internal/catalog/DependencyModel;.<clinit>()V> (0x00000000866d0490) 
thrown [s\src\hotspot\share\prims\jni.cpp, line 1135]
Event: 8.876 Thread 0x000002143cfd7590 Exception <a 'java/lang/NoSuchMethodError'{0x00000000866d4428}: static Lorg/gradle/api/internal/catalog/AbstractContextAwareModel;.<clinit>()V> (0x00000000866d4428) 
thrown [s\src\hotspot\share\prims\jni.cpp, line 1135]
Event: 8.877 Thread 0x000002143cfd7590 Exception <a 'java/lang/NoSuchMethodError'{0x00000000866ede28}: static Lorg/gradle/api/internal/artifacts/dependencies/AbstractVersionConstraint;.<clinit>()V> (0x00000000866ede28) 
thrown [s\src\hotspot\share\prims\jni.cpp, line 1135]
Event: 8.888 Thread 0x000002143cfd7590 Exception <a 'java/lang/NoSuchMethodError'{0x0000000086597c00}: static Lorg/gradle/api/internal/catalog/PluginModel;.<clinit>()V> (0x0000000086597c00) 
thrown [s\src\hotspot\share\prims\jni.cpp, line 1135]
Event: 8.890 Thread 0x000002143cfd7590 Exception <a 'java/lang/NoSuchMethodError'{0x00000000865af6e8}: static Lorg/gradle/api/internal/catalog/VersionModel;.<clinit>()V> (0x00000000865af6e8) 
thrown [s\src\hotspot\share\prims\jni.cpp, line 1135]
Event: 9.001 Thread 0x000002143cfd7590 Exception <a 'java/lang/NoSuchMethodError'{0x000000008616d4a8}: 'int java.lang.invoke.DirectMethodHandle$Holder.invokeSpecialIFC(java.lang.Object, java.lang.Object, java.lang.Object)'> (0x000000008616d4a8) 
thrown [s\src\hotspot\share\interpreter\linkResolver.cpp, line 784]
Event: 9.099 Thread 0x000002143cfd7590 Exception <a 'java/lang/NoSuchMethodError'{0x0000000085d203a8}: 'java.lang.Object java.lang.invoke.DirectMethodHandle$Holder.invokeSpecial(java.lang.Object, java.lang.Object, java.lang.Object, java.lang.Object, java.lang.Object, long)'> (0x0000000085d203a8) 
thrown [s\src\hotspot\share\interpreter\linkResolver.cpp, line 784]
Event: 9.101 Thread 0x000002143cfd7590 Exception <a 'java/lang/NoSuchMethodError'{0x0000000085d40428}: 'void java.lang.invoke.DirectMethodHandle$Holder.invokeStatic(java.lang.Object, java.lang.Object, java.lang.Object, int, java.lang.Object)'> (0x0000000085d40428) 
thrown [s\src\hotspot\share\interpreter\linkResolver.cpp, line 784]
Event: 10.165 Thread 0x000002143e5730e0 Implicit null exception at 0x000002142a50e9e9 to 0x000002142a50ea8c
Event: 10.244 Thread 0x000002143e571d30 Implicit null exception at 0x000002142a1b06a3 to 0x000002142a1b0f40
Event: 10.245 Thread 0x000002143e5716a0 Implicit null exception at 0x000002142a1b06a3 to 0x000002142a1b0f40
Event: 10.248 Thread 0x000002143e5723c0 Implicit null exception at 0x000002142a1b06a3 to 0x000002142a1b0f40
Event: 10.256 Thread 0x000002143cfd7590 Implicit null exception at 0x000002142a1b06a3 to 0x000002142a1b0f40
Event: 10.371 Thread 0x000002143cfd7590 Exception <a 'java/lang/NoSuchMethodError'{0x000000008704e898}: 'void java.lang.invoke.DirectMethodHandle$Holder.invokeInterface(java.lang.Object, java.lang.Object, java.lang.Object, java.lang.Object)'> (0x000000008704e898) 
thrown [s\src\hotspot\share\interpreter\linkResolver.cpp, line 784]
Event: 10.437 Thread 0x000002143cfd7590 Implicit null exception at 0x000002142a3425dd to 0x000002142a342ac8
Event: 10.437 Thread 0x000002143cfd7590 Implicit null exception at 0x000002142a3418df to 0x000002142a341dac

ZGC Phase Switch (0 events):
No events

VM Operations (20 events):
Event: 9.679 Executing VM operation: ICBufferFull
Event: 9.679 Executing VM operation: ICBufferFull done
Event: 9.695 Executing VM operation: G1CollectForAllocation (G1 Evacuation Pause)
Event: 9.701 Executing VM operation: G1CollectForAllocation (G1 Evacuation Pause) done
Event: 9.909 Executing VM operation: ICBufferFull
Event: 9.909 Executing VM operation: ICBufferFull done
Event: 9.945 Executing VM operation: G1CollectForAllocation (G1 Evacuation Pause)
Event: 9.950 Executing VM operation: G1CollectForAllocation (G1 Evacuation Pause) done
Event: 10.152 Executing VM operation: G1CollectForAllocation (G1 Evacuation Pause)
Event: 10.155 Executing VM operation: G1CollectForAllocation (G1 Evacuation Pause) done
Event: 10.209 Executing VM operation: G1PauseRemark
Event: 10.212 Executing VM operation: G1PauseRemark done
Event: 10.237 Executing VM operation: G1PauseCleanup
Event: 10.237 Executing VM operation: G1PauseCleanup done
Event: 10.418 Executing VM operation: G1CollectForAllocation (G1 Evacuation Pause)
Event: 10.421 Executing VM operation: G1CollectForAllocation (G1 Evacuation Pause) done
Event: 10.485 Executing VM operation: HandshakeAllThreads (Deoptimize)
Event: 10.485 Executing VM operation: HandshakeAllThreads (Deoptimize) done
Event: 10.888 Executing VM operation: G1CollectForAllocation (G1 Evacuation Pause)
Event: 10.893 Executing VM operation: G1CollectForAllocation (G1 Evacuation Pause) done

Memory protections (0 events):
No events

Nmethod flushes (20 events):
Event: 10.211 Thread 0x000002143b009270 flushing  nmethod 0x0000021422887890
Event: 10.211 Thread 0x000002143b009270 flushing  nmethod 0x0000021422c0a390
Event: 10.211 Thread 0x000002143b009270 flushing  nmethod 0x0000021422ca5c10
Event: 10.211 Thread 0x000002143b009270 flushing  nmethod 0x0000021422e97490
Event: 10.211 Thread 0x000002143b009270 flushing  nmethod 0x000002142a2f7c10
Event: 10.211 Thread 0x000002143b009270 flushing  nmethod 0x0000021422638c10
Event: 10.211 Thread 0x000002143b009270 flushing  nmethod 0x000002142263a510
Event: 10.211 Thread 0x000002143b009270 flushing  nmethod 0x000002142263d110
Event: 10.211 Thread 0x000002143b009270 flushing  nmethod 0x00000214226bbb90
Event: 10.211 Thread 0x000002143b009270 flushing  nmethod 0x00000214226beb10
Event: 10.211 Thread 0x000002143b009270 flushing  nmethod 0x000002142271d890
Event: 10.211 Thread 0x000002143b009270 flushing  nmethod 0x00000214228a7410
Event: 10.211 Thread 0x000002143b009270 flushing  nmethod 0x0000021422d05210
Event: 10.211 Thread 0x000002143b009270 flushing  nmethod 0x0000021422d05810
Event: 10.211 Thread 0x000002143b009270 flushing  nmethod 0x0000021422d0af90
Event: 10.211 Thread 0x000002143b009270 flushing  nmethod 0x0000021422d13610
Event: 10.211 Thread 0x000002143b009270 flushing  nmethod 0x0000021422f8c490
Event: 10.211 Thread 0x000002143b009270 flushing  nmethod 0x0000021422f8ea10
Event: 10.211 Thread 0x000002143b009270 flushing  nmethod 0x0000021423012190
Event: 10.211 Thread 0x000002143b009270 flushing  nmethod 0x0000021423072890

Events (20 events):
Event: 9.457 Thread 0x000002143cfd7590 Thread added: 0x000002143fe6a5e0
Event: 9.457 Thread 0x000002143cfd7590 Thread added: 0x000002143fe6c6b0
Event: 9.457 Thread 0x000002143cfd7590 Thread added: 0x000002143fe6ac70
Event: 9.458 Thread 0x000002143cfd7590 Thread added: 0x000002143fe6d3d0
Event: 9.520 Thread 0x000002143cfd7590 Thread added: 0x000002143fe6ee10
Event: 9.521 Thread 0x000002143cfd7590 Thread added: 0x000002143fe6da60
Event: 9.523 Thread 0x000002143cfd7590 Thread added: 0x000002143fc2eda0
Event: 9.525 Thread 0x000002143cfd7590 Thread added: 0x000002143fc2f430
Event: 9.526 Thread 0x000002143cfd7590 Thread added: 0x000002143e5702f0
Event: 9.528 Thread 0x000002143cfd7590 Thread added: 0x000002143e56ef40
Event: 9.530 Thread 0x000002143cfd7590 Thread added: 0x000002143e575840
Event: 9.738 Thread 0x000002143cfd7590 Thread added: 0x000002143e570980
Event: 9.739 Thread 0x000002143cfd7590 Thread added: 0x000002143e5730e0
Event: 9.740 Thread 0x000002143cfd7590 Thread added: 0x000002143e5723c0
Event: 9.741 Thread 0x000002143cfd7590 Thread added: 0x000002143e56fc60
Event: 9.742 Thread 0x000002143cfd7590 Thread added: 0x000002143e5716a0
Event: 9.743 Thread 0x000002143cfd7590 Thread added: 0x000002143e571010
Event: 9.744 Thread 0x000002143cfd7590 Thread added: 0x000002143e571d30
Event: 10.726 Thread 0x000002143dff13a0 Thread exited: 0x000002143dff13a0
Event: 11.002 Thread 0x000002143b0bfb20 Thread added: 0x000002143dff13a0


Dynamic libraries:
0x00007ff6786e0000 - 0x00007ff6786ea000 	F:\1\jbr\bin\java.exe
0x00007ff85d3d0000 - 0x00007ff85d5c8000 	C:\Windows\SYSTEM32\ntdll.dll
0x00007ff85c900000 - 0x00007ff85c9c2000 	C:\Windows\System32\KERNEL32.DLL
0x00007ff85ab60000 - 0x00007ff85ae56000 	C:\Windows\System32\KERNELBASE.dll
0x00007ff85aa60000 - 0x00007ff85ab60000 	C:\Windows\System32\ucrtbase.dll
0x00007ff8549f0000 - 0x00007ff854a08000 	F:\1\jbr\bin\jli.dll
0x00007ff849f30000 - 0x00007ff849f4b000 	F:\1\jbr\bin\VCRUNTIME140.dll
0x00007ff85d170000 - 0x00007ff85d30d000 	C:\Windows\System32\USER32.dll
0x00007ff84a530000 - 0x00007ff84a7ca000 	C:\Windows\WinSxS\amd64_microsoft.windows.common-controls_6595b64144ccf1df_6.0.19041.5915_none_60b4b9d171f9c7c7\COMCTL32.dll
0x00007ff85b3c0000 - 0x00007ff85b3e2000 	C:\Windows\System32\win32u.dll
0x00007ff85c1d0000 - 0x00007ff85c26e000 	C:\Windows\System32\msvcrt.dll
0x00007ff85c9d0000 - 0x00007ff85c9fb000 	C:\Windows\System32\GDI32.dll
0x00007ff85ae60000 - 0x00007ff85af79000 	C:\Windows\System32\gdi32full.dll
0x00007ff85b080000 - 0x00007ff85b11d000 	C:\Windows\System32\msvcp_win.dll
0x00007ff85b3f0000 - 0x00007ff85b41f000 	C:\Windows\System32\IMM32.DLL
0x00007ff849f50000 - 0x00007ff849f5c000 	F:\1\jbr\bin\vcruntime140_1.dll
0x00007ff82e4e0000 - 0x00007ff82e56d000 	F:\1\jbr\bin\msvcp140.dll
0x00007ff8130e0000 - 0x00007ff813d6b000 	F:\1\jbr\bin\server\jvm.dll
0x00007ff85c840000 - 0x00007ff85c8f1000 	C:\Windows\System32\ADVAPI32.dll
0x00007ff85bf00000 - 0x00007ff85bf9f000 	C:\Windows\System32\sechost.dll
0x00007ff85c390000 - 0x00007ff85c4b3000 	C:\Windows\System32\RPCRT4.dll
0x00007ff85b390000 - 0x00007ff85b3b7000 	C:\Windows\System32\bcrypt.dll
0x00007ff85c160000 - 0x00007ff85c1cb000 	C:\Windows\System32\WS2_32.dll
0x00007ff85a7e0000 - 0x00007ff85a82b000 	C:\Windows\SYSTEM32\POWRPROF.dll
0x00007ff850120000 - 0x00007ff850147000 	C:\Windows\SYSTEM32\WINMM.dll
0x00007ff850110000 - 0x00007ff85011a000 	C:\Windows\SYSTEM32\VERSION.dll
0x00007ff85a780000 - 0x00007ff85a792000 	C:\Windows\SYSTEM32\UMPDC.dll
0x00007ff8588c0000 - 0x00007ff8588d2000 	C:\Windows\SYSTEM32\kernel.appcore.dll
0x00007ff849f20000 - 0x00007ff849f2a000 	F:\1\jbr\bin\jimage.dll
0x00007ff850550000 - 0x00007ff850751000 	C:\Windows\SYSTEM32\DBGHELP.DLL
0x00007ff8444d0000 - 0x00007ff844504000 	C:\Windows\SYSTEM32\dbgcore.DLL
0x00007ff85b300000 - 0x00007ff85b382000 	C:\Windows\System32\bcryptPrimitives.dll
0x00007ff8549e0000 - 0x00007ff8549ee000 	F:\1\jbr\bin\instrument.dll
0x00007ff849f00000 - 0x00007ff849f20000 	F:\1\jbr\bin\java.dll
0x00007ff849ee0000 - 0x00007ff849ef8000 	F:\1\jbr\bin\zip.dll
0x00007ff85ca00000 - 0x00007ff85d16e000 	C:\Windows\System32\SHELL32.dll
0x00007ff858ac0000 - 0x00007ff859264000 	C:\Windows\SYSTEM32\windows.storage.dll
0x00007ff85c4c0000 - 0x00007ff85c813000 	C:\Windows\System32\combase.dll
0x00007ff85a2e0000 - 0x00007ff85a30b000 	C:\Windows\SYSTEM32\Wldp.dll
0x00007ff85b6f0000 - 0x00007ff85b7bd000 	C:\Windows\System32\OLEAUT32.dll
0x00007ff85b640000 - 0x00007ff85b6ed000 	C:\Windows\System32\SHCORE.dll
0x00007ff85bea0000 - 0x00007ff85befb000 	C:\Windows\System32\shlwapi.dll
0x00007ff85a990000 - 0x00007ff85a9b4000 	C:\Windows\SYSTEM32\profapi.dll
0x00007ff849ed0000 - 0x00007ff849ee0000 	F:\1\jbr\bin\net.dll
0x00007ff854870000 - 0x00007ff85497a000 	C:\Windows\SYSTEM32\WINHTTP.dll
0x00007ff85a0c0000 - 0x00007ff85a12a000 	C:\Windows\system32\mswsock.dll
0x00007ff849eb0000 - 0x00007ff849ec6000 	F:\1\jbr\bin\nio.dll
0x00007ff857c50000 - 0x00007ff857c60000 	F:\1\jbr\bin\verify.dll
0x00007ff856fb0000 - 0x00007ff856fd7000 	C:\Users\Andre Yauri Tejada\.gradle\native\c067742578af261105cb4f569cf0c3c89f3d7b1fecec35dd04571415982c5e48\windows-amd64\native-platform.dll
0x00007ff82a3f0000 - 0x00007ff82a534000 	C:\Users\Andre Yauri Tejada\.gradle\native\100fb08df4bc3b14c8652ba06237920a3bd2aa13389f12d3474272988ae205f9\windows-amd64\native-platform-file-events.dll
0x00007ff857ca0000 - 0x00007ff857ca9000 	F:\1\jbr\bin\management.dll
0x00007ff857c90000 - 0x00007ff857c9b000 	F:\1\jbr\bin\management_ext.dll
0x00007ff85c150000 - 0x00007ff85c158000 	C:\Windows\System32\PSAPI.DLL
0x00007ff85a320000 - 0x00007ff85a338000 	C:\Windows\SYSTEM32\CRYPTSP.dll
0x00007ff859a00000 - 0x00007ff859a38000 	C:\Windows\system32\rsaenh.dll
0x00007ff85a910000 - 0x00007ff85a93e000 	C:\Windows\SYSTEM32\USERENV.dll
0x00007ff85a250000 - 0x00007ff85a25c000 	C:\Windows\SYSTEM32\CRYPTBASE.dll
0x00007ff859dc0000 - 0x00007ff859dfb000 	C:\Windows\SYSTEM32\IPHLPAPI.DLL
0x00007ff85b5d0000 - 0x00007ff85b5d8000 	C:\Windows\System32\NSI.dll
0x00007ff849e90000 - 0x00007ff849e99000 	F:\1\jbr\bin\extnet.dll
0x00007ff849ea0000 - 0x00007ff849ea7000 	C:\Windows\system32\wshunix.dll

dbghelp: loaded successfully - version: 4.0.5 - missing functions: none
symbol engine: initialized successfully - sym options: 0x614 - pdb path: .;F:\1\jbr\bin;C:\Windows\SYSTEM32;C:\Windows\WinSxS\amd64_microsoft.windows.common-controls_6595b64144ccf1df_6.0.19041.5915_none_60b4b9d171f9c7c7;F:\1\jbr\bin\server;C:\Users\Andre Yauri Tejada\.gradle\native\c067742578af261105cb4f569cf0c3c89f3d7b1fecec35dd04571415982c5e48\windows-amd64;C:\Users\Andre Yauri Tejada\.gradle\native\100fb08df4bc3b14c8652ba06237920a3bd2aa13389f12d3474272988ae205f9\windows-amd64

VM Arguments:
jvm_args: --add-opens=java.base/java.util=ALL-UNNAMED --add-opens=java.base/java.lang=ALL-UNNAMED --add-opens=java.base/java.lang.invoke=ALL-UNNAMED --add-opens=java.prefs/java.util.prefs=ALL-UNNAMED --add-exports=jdk.compiler/com.sun.tools.javac.api=ALL-UNNAMED --add-exports=jdk.compiler/com.sun.tools.javac.util=ALL-UNNAMED --add-opens=java.base/java.nio.charset=ALL-UNNAMED --add-opens=java.base/java.net=ALL-UNNAMED --add-opens=java.base/java.util.concurrent.atomic=ALL-UNNAMED -Xmx2048m -Dfile.encoding=UTF-8 -Duser.country=PE -Duser.language=es -Duser.variant -javaagent:C:\Users\Andre Yauri Tejada\.gradle\wrapper\dists\gradle-8.10.2-bin\a04bxjujx95o3nb99gddekhwo\gradle-8.10.2\lib\agents\gradle-instrumentation-agent-8.10.2.jar 
java_command: org.gradle.launcher.daemon.bootstrap.GradleDaemon 8.10.2
java_class_path (initial): C:\Users\Andre Yauri Tejada\.gradle\wrapper\dists\gradle-8.10.2-bin\a04bxjujx95o3nb99gddekhwo\gradle-8.10.2\lib\gradle-daemon-main-8.10.2.jar
Launcher Type: SUN_STANDARD

[Global flags]
     intx CICompilerCount                          = 4                                         {product} {ergonomic}
     uint ConcGCThreads                            = 2                                         {product} {ergonomic}
     uint G1ConcRefinementThreads                  = 8                                         {product} {ergonomic}
   size_t G1HeapRegionSize                         = 1048576                                   {product} {ergonomic}
    uintx GCDrainStackTargetSize                   = 64                                        {product} {ergonomic}
   size_t InitialHeapSize                          = 234881024                                 {product} {ergonomic}
   size_t MarkStackSize                            = 4194304                                   {product} {ergonomic}
   size_t MaxHeapSize                              = 2147483648                                {product} {command line}
   size_t MaxNewSize                               = 1287651328                                {product} {ergonomic}
   size_t MinHeapDeltaBytes                        = 1048576                                   {product} {ergonomic}
   size_t MinHeapSize                              = 8388608                                   {product} {ergonomic}
    uintx NonNMethodCodeHeapSize                   = 5839372                                {pd product} {ergonomic}
    uintx NonProfiledCodeHeapSize                  = 122909434                              {pd product} {ergonomic}
    uintx ProfiledCodeHeapSize                     = 122909434                              {pd product} {ergonomic}
    uintx ReservedCodeCacheSize                    = 251658240                              {pd product} {ergonomic}
     bool SegmentedCodeCache                       = true                                      {product} {ergonomic}
   size_t SoftMaxHeapSize                          = 2147483648                             {manageable} {ergonomic}
     bool UseCompressedOops                        = true                           {product lp64_product} {ergonomic}
     bool UseG1GC                                  = true                                      {product} {ergonomic}
     bool UseLargePagesIndividualAllocation        = false                                  {pd product} {ergonomic}

Logging:
Log output configuration:
 #0: stdout all=warning uptime,level,tags foldmultilines=false
 #1: stderr all=off uptime,level,tags foldmultilines=false

Environment Variables:
PATH=c:\huawei\cti;c:\huawei\csp6;C:\Program Files\Common Files\Oracle\Java\javapath;C:\Program Files\Microsoft MPI\Bin\;C:\Program Files (x86)\Razer\ChromaBroadcast\bin;C:\Program Files\Razer\ChromaBroadcast\bin;C:\Program Files (x86)\Common Files\Oracle\Java\javapath;C:\Windows\system32;C:\Windows;C:\Windows\System32\Wbem;C:\Windows\System32\WindowsPowerShell\v1.0\;C:\Windows\System32\OpenSSH\;C:\Users\Andre Yauri Tejada\AppData\Local\Microsoft\WindowsApps;C:\Program Files\Microsoft VS Code\bin;C:\Program Files\Microsoft SQL Server\Client SDK\ODBC\170\Tools\Binn\;C:\Program Files\Microsoft SQL Server\150\Tools\Binn\;C:\Program Files (x86)\Microsoft SQL Server\160\Tools\Binn\;C:\Program Files\Microsoft SQL Server\160\Tools\Binn\;C:\Program Files\Microsoft SQL Server\160\DTS\Binn\;C:\Program Files (x86)\Microsoft SQL Server\160\DTS\Binn\;C:\Program Files\Azure Data Studio\bin;C:\Program Files\nodejs\;C:\Program Files\Git\cmd;C:\Program Files\MySQL\MySQL Shell 8.0\bin\;C:\Users\Andre Yauri Tejada\AppData\Local\Programs\Python\Python311;C:\Users\Andre Yauri Tejada\AppData\Local\Programs\Python\Python311\Scripts;C:\Users\Andre Yauri Tejada\AppData\Local\Microsoft\WindowsApps;C:\Program Files\Azure Data Studio\bin;C:\Users\Andre Yauri Tejada\AppData\Local\GitHubDesktop\bin;C:\Users\Andre Yauri Tejada\AppData\Roaming\npm
USERNAME=Andre Yauri Tejada
OS=Windows_NT
PROCESSOR_IDENTIFIER=AMD64 Family 23 Model 24 Stepping 1, AuthenticAMD
TMP=C:\Users\ANDREY~1\AppData\Local\Temp
TEMP=C:\Users\ANDREY~1\AppData\Local\Temp




Periodic native trim disabled

JNI global refs:
JNI global refs: 28, weak refs: 2

JNI global refs memory usage: 835, weak refs: 833

Process memory usage:
Resident Set Size: 387572K (2% of 14627284K total physical memory with 3007036K free physical memory)

OOME stack traces (most recent first):
Classloader memory used:
Loader org.gradle.internal.classloader.VisitableURLClassLoader                         : 36489K
Loader bootstrap                                                                       : 23330K
Loader org.gradle.initialization.MixInLegacyTypesClassLoader                           : 10721K
Loader org.gradle.internal.classloader.VisitableURLClassLoader$InstrumentingVisitableURLClassLoader: 4196K
Loader org.gradle.internal.classloader.VisitableURLClassLoader                         : 924K
Loader jdk.internal.loader.ClassLoaders$PlatformClassLoader                            : 546K
Loader jdk.internal.reflect.DelegatingClassLoader                                      : 274K
Loader jdk.internal.loader.ClassLoaders$AppClassLoader                                 : 234K
Loader org.gradle.groovy.scripts.internal.DefaultScriptCompilationHandler$ScriptClassLoader: 89176B
Loader org.codehaus.groovy.runtime.callsite.CallSiteClassLoader                        : 49592B


[error occurred during error reporting (Classloader stats), id 0xe0000001, Out of Memory Error (s\src\hotspot\share\memory\arena.cpp:168)]
---------------  S Y S T E M  ---------------

OS:
 Windows 10 , 64 bit Build 19041 (10.0.19041.5915)
OS uptime: 0 days 1:54 hours
Hyper-V role detected

CPU: total 8 (initial active 8) (8 cores per cpu, 2 threads per core) family 23 model 24 stepping 1 microcode 0x0, cx8, cmov, fxsr, ht, mmx, 3dnowpref, sse, sse2, sse3, ssse3, sse4a, sse4.1, sse4.2, popcnt, lzcnt, tsc, tscinvbit, avx, avx2, aes, clmul, bmi1, bmi2, adx, sha, fma, vzeroupper, clflush, clflushopt, hv, rdtscp, f16c
Processor Information for the first 8 processors :
  Max Mhz: 3700, Current Mhz: 3700, Mhz Limit: 3700

Memory: 4k page, system-wide physical 14284M (2936M free)
TotalPageFile size 16332M (AvailPageFile size 5M)
current process WorkingSet (physical memory assigned to process): 379M, peak: 388M
current process commit charge ("private bytes"): 449M, peak: 449M

vm_info: OpenJDK 64-Bit Server VM (21.0.6+-13355223-b631.42) for windows-amd64 JRE (21.0.6+-13355223-b631.42), built on 2025-04-14T18:21:23Z by "builder" with MS VC++ 16.10 / 16.11 (VS2019)

END.
